info 2020-11-17T16:19:13.188Z - server running on port 3000
info 2020-11-17T16:19:23.643Z - stopping server
info 2020-11-17T16:21:52.952Z - server running on port 3000
error 2020-11-17T16:22:22.069Z - Error: Failed to lookup view "login" in views directory "/Users/manuelbarzi/.../letscoder/letscoder-bootcamp-202010/collab/letscoder-bootcamp-202010/staff/manuel-barzi/web-server/views"
info 2020-11-17T16:31:56.568Z - server running on port 3000
info 2020-11-17T16:32:51.784Z - server running on port 3000
info 2020-11-17T16:32:55.107Z - stopping server
info 2020-11-17T16:40:45.941Z - server running on port 3000
info 2020-11-17T16:49:00.267Z - stopping server
info 2020-11-17T16:49:00.268Z - stopping server
info 2020-11-17T16:49:11.080Z - server running on port 3000
error 2020-11-17T16:49:24.446Z - could not accept cookies :(
error 2020-11-17T16:50:33.684Z - could not accept cookies :(
info 2020-11-17T17:11:52.252Z - stopping server

info 2020-11-17T17:13:02.777Z - server running on port 3000
info 2020-11-17T17:14:34.355Z - stopping server
info 2020-11-17T17:14:34.355Z - stopping server
info 2020-11-18T13:00:35.228Z - server running on port 4000
info 2020-11-18T13:01:12.536Z - stopping server
info 2020-11-18T13:01:12.537Z - stopping server
info 2020-11-18T13:01:15.670Z - server running on port 4000
info 2020-11-18T13:03:18.380Z - stopping server
info 2020-11-18T13:03:18.381Z - stopping server
info 2020-11-18T13:15:25.409Z - server running on port 4000
info 2020-11-18T13:18:09.224Z - server running on port 4000
error 2020-11-18T13:18:23.101Z - Error: fullname is empty or blank
error 2020-11-18T13:18:36.202Z - Error: e-mail serpiente@mail.com already registered
info 2020-11-18T13:19:03.308Z - stopping server
info 2020-11-18T13:19:04.401Z - server running on port 4000
error 2020-11-18T13:19:06.886Z - Error: e-mail serpiente@mail.com already registered
info 2020-11-18T13:19:42.673Z - stopping server
info 2020-11-18T13:19:42.673Z - stopping server
info 2020-11-18T13:20:26.360Z - server running on port 4000
info 2020-11-18T13:43:31.863Z - stopping server
info 2020-11-18T13:43:31.864Z - stopping server
info 2020-11-18T13:45:50.034Z - server running on port 4000
info 2020-11-18T13:49:15.244Z - stopping server
info 2020-11-18T13:49:15.244Z - stopping server
info 2020-11-18T13:49:34.615Z - server running on port 4000
info 2020-11-18T13:53:43.043Z - server running on port 4000
info 2020-11-18T13:55:43.167Z - server running on port 4000
info 2020-11-18T13:56:35.766Z - server running on port 4000
info 2020-11-18T13:58:25.580Z - server running on port 4000
info 2020-11-18T13:59:49.053Z - server running on port 4000
info 2020-11-18T14:00:17.901Z - server running on port 4000
error 2020-11-18T14:00:43.219Z - Error: e-mail manuelbarzi@gmail.com already registered
info 2020-11-18T18:08:26.353Z - server running on port 4000
error 2020-11-18T18:11:10.844Z - Error: e-mail quiero@llorar.com already registered
info 2020-11-18T18:49:22.093Z - stopping server
info 2020-11-19T12:14:24.883Z - server running on port 4000
error 2020-11-19T12:14:49.471Z - Error: e-mail bootcamp@encantando.com already registered
error 2020-11-19T12:14:54.801Z - Error: e-mail bootcamp@encantando.com already registered
error 2020-11-19T12:18:01.650Z - Error: e-mail bootcamp@encantando.com already registered
info 2020-11-19T12:20:53.481Z - stopping server
info 2020-11-19T12:25:04.947Z - server running on port 4000
error 2020-11-19T12:25:13.717Z - Error: e-mail bootcamp@encantando.com already registered
info 2020-11-19T12:33:47.819Z - stopping server
info 2020-11-19T12:33:49.808Z - server running on port 4000
info 2020-11-19T12:35:28.607Z - stopping server
info 2020-11-19T12:35:30.589Z - server running on port 4000
info 2020-11-19T12:35:52.153Z - stopping server
info 2020-11-19T12:36:00.116Z - server running on port 4000
error 2020-11-19T12:36:47.669Z - Error: e-mail bootcamp@encantando.com already registered
info 2020-11-19T12:37:41.063Z - stopping server
info 2020-11-19T12:44:00.731Z - server running on port 4000
info 2020-11-19T12:44:33.706Z - stopping server
info 2020-11-19T15:32:35.555Z - server running on port 4000
info 2020-11-19T15:33:19.770Z - stopping server
info 2020-11-19T15:34:29.183Z - server running on port 4000
error 2020-11-19T15:34:47.003Z - Error: e-mail hola@caracola.com already registered
info 2020-11-19T15:42:08.486Z - stopping server
info 2020-11-19T15:42:21.487Z - server running on port 4000
info 2020-11-19T15:42:35.454Z - stopping server
info 2020-11-19T15:42:45.175Z - server running on port 4000
info 2020-11-19T15:43:15.275Z - stopping server
info 2020-11-19T15:47:47.272Z - server running on port 4000
info 2020-11-19T15:59:12.607Z - stopping server
info 2020-11-19T16:20:35.441Z - server running on port 4000
info 2020-11-19T16:31:45.627Z - stopping server
info 2020-11-19T16:31:53.329Z - server running on port 4000
info 2020-11-19T16:32:31.894Z - stopping server
info 2020-11-19T17:26:22.317Z - server running on port 4000
error 2020-11-19T17:26:48.215Z - TypeError: undefined is not an e-mail
info 2020-11-19T17:56:33.359Z - stopping server
info 2020-11-20T10:30:17.383Z - server running on port 4000
error 2020-11-20T13:40:09.512Z - Error: wrong credentials
info 2020-11-20T13:40:40.787Z - stopping server
info 2020-11-21T15:24:15.896Z - starting server
info 2020-11-21T15:24:15.946Z - server running on port 4000
error 2020-11-21T15:25:12.346Z - Error: wrong credentials
info 2020-11-21T15:31:03.119Z - stopping server
info 2020-11-21T15:32:05.398Z - starting server
info 2020-11-21T15:32:05.444Z - server running on port 4000
error 2020-11-21T15:32:24.244Z - Error: id length is not 31
info 2020-11-21T15:37:35.064Z - stopping server
info 2020-11-21T15:37:37.431Z - starting server
info 2020-11-21T15:37:37.474Z - server running on port 4000
error 2020-11-21T15:38:10.769Z - Error: invalid e-mail
error 2020-11-21T15:43:43.565Z - Error: invalid e-mail
info 2020-11-21T16:10:59.152Z - stopping server
info 2020-11-21T16:11:02.270Z - starting server
info 2020-11-21T16:11:02.313Z - server running on port 4000
info 2020-11-21T16:23:36.472Z - starting server
info 2020-11-21T16:23:36.525Z - server running on port 4000
info 2020-11-21T16:23:46.872Z - stopping server
info 2020-11-21T16:24:06.562Z - starting server
info 2020-11-21T16:24:06.623Z - server running on port 4000
info 2020-11-21T16:30:13.723Z - starting server
info 2020-11-21T16:30:13.768Z - server running on port 4000
info 2020-11-21T16:30:26.774Z - stopping server
info 2020-11-21T16:30:35.335Z - starting server
info 2020-11-21T16:30:35.384Z - server running on port 4000
info 2020-11-21T16:31:37.523Z - starting server
info 2020-11-21T16:31:37.568Z - server running on port 4000
info 2020-11-21T17:02:25.662Z - starting server
info 2020-11-21T17:02:25.704Z - server running on port 4000
info 2020-11-21T17:35:11.377Z - stopping server
info 2020-11-21T17:35:29.125Z - starting server
info 2020-11-21T17:35:29.168Z - server running on port 4000
info 2020-11-21T17:37:34.359Z - stopping server
info 2020-11-21T17:37:37.364Z - starting server
info 2020-11-21T17:37:37.405Z - server running on port 4000
info 2020-11-21T17:39:05.668Z - stopping server
info 2020-11-21T17:39:08.466Z - starting server
info 2020-11-21T17:39:08.506Z - server running on port 4000
error 2020-11-21T18:15:09.583Z - Error: id length is not 31
error 2020-11-21T18:15:16.362Z - Error: id length is not 31
error 2020-11-21T18:15:55.280Z - Error: id length is not 31
error 2020-11-21T18:16:06.089Z - Error: id length is not 31
error 2020-11-21T18:16:12.982Z - Error: id length is not 31
error 2020-11-21T18:17:17.663Z - Error: id length is not 31
info 2020-11-21T18:17:27.438Z - stopping server
info 2020-11-21T18:17:29.502Z - starting server
info 2020-11-21T18:17:29.545Z - server running on port 4000
info 2020-11-21T19:09:49.261Z - stopping server
info 2020-11-22T11:42:22.873Z - starting server
info 2020-11-22T11:42:22.928Z - server running on port 4000
info 2020-11-22T11:47:20.851Z - stopping server
info 2020-11-22T11:52:24.941Z - starting server
info 2020-11-22T11:52:24.984Z - server running on port 4000
info 2020-11-22T12:17:04.839Z - stopping server
info 2020-11-22T12:19:24.125Z - starting server
info 2020-11-22T12:19:24.169Z - server running on port 4000
info 2020-11-22T14:55:59.103Z - stopping server
info 2020-11-23T11:18:38.471Z - starting server
info 2020-11-23T11:18:38.517Z - server running on port 4000
error 2020-11-23T11:19:07.963Z - ReferenceError: userId is not defined
error 2020-11-23T11:20:39.833Z - ReferenceError: userId is not defined
error 2020-11-23T11:20:51.895Z - ReferenceError: userId is not defined
error 2020-11-23T11:21:27.622Z - ReferenceError: userId is not defined
info 2020-11-23T11:21:34.078Z - stopping server
info 2020-11-23T11:21:37.421Z - starting server
info 2020-11-23T11:21:37.475Z - server running on port 4000
info 2020-11-23T11:27:07.972Z - stopping server
info 2020-11-23T11:27:11.244Z - starting server
info 2020-11-23T11:27:11.317Z - server running on port 4000
info 2020-11-23T11:37:10.203Z - stopping server
info 2020-11-23T11:37:13.215Z - starting server
info 2020-11-23T11:37:13.262Z - server running on port 4000
info 2020-11-23T14:17:58.698Z - stopping server
info 2020-11-23T14:18:02.129Z - starting server
info 2020-11-23T14:18:02.182Z - server running on port 4000
info 2020-11-23T14:23:15.669Z - stopping server
info 2020-11-23T14:23:18.597Z - starting server
info 2020-11-23T14:23:18.660Z - server running on port 4000
info 2020-11-23T14:28:16.550Z - stopping server
info 2020-11-23T14:28:18.957Z - starting server
info 2020-11-23T14:28:19.063Z - server running on port 4000
info 2020-11-23T14:30:43.818Z - stopping server
info 2020-11-23T14:30:46.427Z - starting server
info 2020-11-23T14:30:46.489Z - server running on port 4000
info 2020-11-23T14:30:53.933Z - stopping server
info 2020-11-23T14:31:03.687Z - starting server
info 2020-11-23T14:31:03.734Z - server running on port 4000
info 2020-11-23T14:31:27.831Z - stopping server
info 2020-11-25T12:37:34.423Z - starting server
info 2020-11-25T12:37:34.489Z - server running on port 4000
error 2020-11-25T12:38:14.409Z - Error: wrong credentials
error 2020-11-25T12:41:59.289Z - Error: user with e-mail cere@za.com already registered
info 2020-11-25T12:52:25.008Z - stopping server
info 2020-11-25T12:53:38.116Z - starting server
info 2020-11-25T12:53:38.161Z - server running on port 4000
info 2020-11-25T12:54:28.438Z - stopping server
info 2020-11-25T12:54:30.741Z - starting server
info 2020-11-25T12:54:30.784Z - server running on port 4000
info 2020-11-25T12:56:39.680Z - stopping server
info 2020-11-25T12:56:42.171Z - starting server
info 2020-11-25T12:56:42.218Z - server running on port 4000
info 2020-11-25T13:06:00.793Z - stopping server
info 2020-11-25T13:06:03.289Z - starting server
info 2020-11-25T13:06:03.340Z - server running on port 4000
info 2020-11-25T13:07:28.625Z - stopping server
info 2020-11-26T14:46:08.899Z - starting server instanceof Error ? message.stack : message
info 2020-11-26T14:46:08.996Z - server running on port 4000 instanceof Error ? message.stack : message
info 2020-11-26T14:50:40.743Z - stopping server instanceof Error ? message.stack : message
info 2020-11-26T14:50:50.432Z - starting server
info 2020-11-26T14:50:50.573Z - server running on port 4000
info 2020-11-26T14:52:13.932Z - stopping server
info 2020-11-26T14:52:21.687Z - starting server
info 2020-11-26T14:52:21.774Z - server running on port 4000
error 2020-11-26T14:53:02.049Z - AuthError: wrong credentials
    at C:\Users\valet\bootcamp\collab\letscoder-bootcamp-202010\staff\antonio-izquierdo\notes-api\logic\authenticate-user.js:20:28
    at processTicksAndRejections (internal/process/task_queues.js:97:5)
info 2020-11-26T14:54:24.516Z - stopping server
info 2020-11-26T14:54:28.454Z - starting server
info 2020-11-26T14:54:28.534Z - server running on port 4000
info 2020-11-26T15:10:49.889Z - stopping server
info 2020-11-26T15:11:02.287Z - starting server
info 2020-11-26T15:11:51.935Z - starting server
info 2020-11-26T15:11:52.014Z - server running on port 4000
info 2020-11-26T15:12:12.654Z - stopping server
info 2020-11-26T15:12:22.994Z - starting server
info 2020-11-26T15:12:23.083Z - server running on port 4000
error 2020-11-26T15:13:18.130Z - AuthError: wrong credentials
    at C:\Users\valet\bootcamp\collab\letscoder-bootcamp-202010\staff\antonio-izquierdo\notes-api\logic\authenticate-user.js:20:28
    at processTicksAndRejections (internal/process/task_queues.js:97:5)
error 2020-11-26T15:13:57.368Z - AuthError: wrong credentials
    at C:\Users\valet\bootcamp\collab\letscoder-bootcamp-202010\staff\antonio-izquierdo\notes-api\logic\authenticate-user.js:20:28
    at processTicksAndRejections (internal/process/task_queues.js:97:5)
error 2020-11-26T15:14:16.232Z - AuthError: wrong credentials
    at C:\Users\valet\bootcamp\collab\letscoder-bootcamp-202010\staff\antonio-izquierdo\notes-api\logic\authenticate-user.js:20:28
    at processTicksAndRejections (internal/process/task_queues.js:97:5)
info 2020-11-26T15:18:15.300Z - stopping server
info 2020-11-26T15:18:24.075Z - starting server
info 2020-11-26T15:18:24.159Z - server running on port 4000
error 2020-11-26T15:19:46.321Z - AuthError: wrong credentials
    at C:\Users\valet\bootcamp\collab\letscoder-bootcamp-202010\staff\antonio-izquierdo\notes-api\logic\authenticate-user.js:20:28
    at processTicksAndRejections (internal/process/task_queues.js:97:5)
info 2020-11-26T15:20:28.122Z - stopping server
info 2020-11-26T15:59:06.218Z - starting server
info 2020-11-26T15:59:06.297Z - server running on port 4000
error 2020-11-26T15:59:37.639Z - ConflictError: user with e-mail cere@za.com already registered
    at C:\Users\valet\bootcamp\collab\letscoder-bootcamp-202010\staff\antonio-izquierdo\notes-api\logic\register-user.js:19:33
    at processTicksAndRejections (internal/process/task_queues.js:97:5)
info 2020-11-26T16:00:08.974Z - stopping server
info 2020-11-26T16:55:40.427Z - starting server
info 2020-11-26T16:55:40.529Z - server running on port 4000
info 2020-11-26T19:03:20.632Z - stopping server
info 2020-11-26T20:30:38.239Z - starting server
error 2020-11-26T20:30:38.346Z - Error: Cannot find module './array-polyfills'
Require stack:
- C:\Users\valet\bootcamp\collab\letscoder-bootcamp-202010\staff\antonio-izquierdo\notes-api\utils\randoms.js
- C:\Users\valet\bootcamp\collab\letscoder-bootcamp-202010\staff\antonio-izquierdo\notes-api\utils\index.js
- C:\Users\valet\bootcamp\collab\letscoder-bootcamp-202010\staff\antonio-izquierdo\notes-api\routes\api\helpers\with-error-handling.js
- C:\Users\valet\bootcamp\collab\letscoder-bootcamp-202010\staff\antonio-izquierdo\notes-api\routes\api\index.js
- C:\Users\valet\bootcamp\collab\letscoder-bootcamp-202010\staff\antonio-izquierdo\notes-api\routes\index.js
- C:\Users\valet\bootcamp\collab\letscoder-bootcamp-202010\staff\antonio-izquierdo\notes-api\index.js
    at Function.Module._resolveFilename (internal/modules/cjs/loader.js:831:15)
    at Function.Module._load (internal/modules/cjs/loader.js:687:27)
    at Module.require (internal/modules/cjs/loader.js:903:19)
    at require (internal/modules/cjs/helpers.js:74:18)
    at Object.<anonymous> (C:\Users\valet\bootcamp\collab\letscoder-bootcamp-202010\staff\antonio-izquierdo\notes-api\utils\randoms.js:1:1)
    at Module._compile (internal/modules/cjs/loader.js:1015:30)
    at Object.Module._extensions..js (internal/modules/cjs/loader.js:1035:10)
    at Module.load (internal/modules/cjs/loader.js:879:32)
    at Function.Module._load (internal/modules/cjs/loader.js:724:14)
    at Module.require (internal/modules/cjs/loader.js:903:19)
    at require (internal/modules/cjs/helpers.js:74:18)
    at Object.<anonymous> (C:\Users\valet\bootcamp\collab\letscoder-bootcamp-202010\staff\antonio-izquierdo\notes-api\utils\index.js:4:14)
    at Module._compile (internal/modules/cjs/loader.js:1015:30)
    at Object.Module._extensions..js (internal/modules/cjs/loader.js:1035:10)
    at Module.load (internal/modules/cjs/loader.js:879:32)
    at Function.Module._load (internal/modules/cjs/loader.js:724:14)
info 2020-11-26T20:30:38.355Z - stopping server
info 2020-11-26T20:32:11.679Z - starting server
error 2020-11-26T20:32:11.780Z - Error: Cannot find module './array-polyfills'
Require stack:
- C:\Users\valet\bootcamp\collab\letscoder-bootcamp-202010\staff\antonio-izquierdo\notes-api\utils\randoms.js
- C:\Users\valet\bootcamp\collab\letscoder-bootcamp-202010\staff\antonio-izquierdo\notes-api\utils\index.js
- C:\Users\valet\bootcamp\collab\letscoder-bootcamp-202010\staff\antonio-izquierdo\notes-api\routes\api\helpers\with-error-handling.js
- C:\Users\valet\bootcamp\collab\letscoder-bootcamp-202010\staff\antonio-izquierdo\notes-api\routes\api\index.js
- C:\Users\valet\bootcamp\collab\letscoder-bootcamp-202010\staff\antonio-izquierdo\notes-api\routes\index.js
- C:\Users\valet\bootcamp\collab\letscoder-bootcamp-202010\staff\antonio-izquierdo\notes-api\index.js
    at Function.Module._resolveFilename (internal/modules/cjs/loader.js:831:15)
    at Function.Module._load (internal/modules/cjs/loader.js:687:27)
    at Module.require (internal/modules/cjs/loader.js:903:19)
    at require (internal/modules/cjs/helpers.js:74:18)
    at Object.<anonymous> (C:\Users\valet\bootcamp\collab\letscoder-bootcamp-202010\staff\antonio-izquierdo\notes-api\utils\randoms.js:1:1)
    at Module._compile (internal/modules/cjs/loader.js:1015:30)
    at Object.Module._extensions..js (internal/modules/cjs/loader.js:1035:10)
    at Module.load (internal/modules/cjs/loader.js:879:32)
    at Function.Module._load (internal/modules/cjs/loader.js:724:14)
    at Module.require (internal/modules/cjs/loader.js:903:19)
    at require (internal/modules/cjs/helpers.js:74:18)
    at Object.<anonymous> (C:\Users\valet\bootcamp\collab\letscoder-bootcamp-202010\staff\antonio-izquierdo\notes-api\utils\index.js:4:14)
    at Module._compile (internal/modules/cjs/loader.js:1015:30)
    at Object.Module._extensions..js (internal/modules/cjs/loader.js:1035:10)
    at Module.load (internal/modules/cjs/loader.js:879:32)
    at Function.Module._load (internal/modules/cjs/loader.js:724:14)
info 2020-11-26T20:32:11.788Z - stopping server
info 2020-11-26T20:35:38.761Z - starting server
error 2020-11-26T20:35:38.861Z - Error: Cannot find module './array-polyfills'
Require stack:
- C:\Users\valet\bootcamp\collab\letscoder-bootcamp-202010\staff\antonio-izquierdo\notes-api\utils\randoms.js
- C:\Users\valet\bootcamp\collab\letscoder-bootcamp-202010\staff\antonio-izquierdo\notes-api\utils\index.js
- C:\Users\valet\bootcamp\collab\letscoder-bootcamp-202010\staff\antonio-izquierdo\notes-api\routes\api\helpers\with-error-handling.js
- C:\Users\valet\bootcamp\collab\letscoder-bootcamp-202010\staff\antonio-izquierdo\notes-api\routes\api\index.js
- C:\Users\valet\bootcamp\collab\letscoder-bootcamp-202010\staff\antonio-izquierdo\notes-api\routes\index.js
- C:\Users\valet\bootcamp\collab\letscoder-bootcamp-202010\staff\antonio-izquierdo\notes-api\index.js
    at Function.Module._resolveFilename (internal/modules/cjs/loader.js:831:15)
    at Function.Module._load (internal/modules/cjs/loader.js:687:27)
    at Module.require (internal/modules/cjs/loader.js:903:19)
    at require (internal/modules/cjs/helpers.js:74:18)
    at Object.<anonymous> (C:\Users\valet\bootcamp\collab\letscoder-bootcamp-202010\staff\antonio-izquierdo\notes-api\utils\randoms.js:1:1)
    at Module._compile (internal/modules/cjs/loader.js:1015:30)
    at Object.Module._extensions..js (internal/modules/cjs/loader.js:1035:10)
    at Module.load (internal/modules/cjs/loader.js:879:32)
    at Function.Module._load (internal/modules/cjs/loader.js:724:14)
    at Module.require (internal/modules/cjs/loader.js:903:19)
    at require (internal/modules/cjs/helpers.js:74:18)
    at Object.<anonymous> (C:\Users\valet\bootcamp\collab\letscoder-bootcamp-202010\staff\antonio-izquierdo\notes-api\utils\index.js:4:14)
    at Module._compile (internal/modules/cjs/loader.js:1015:30)
    at Object.Module._extensions..js (internal/modules/cjs/loader.js:1035:10)
    at Module.load (internal/modules/cjs/loader.js:879:32)
    at Function.Module._load (internal/modules/cjs/loader.js:724:14)
info 2020-11-26T20:35:38.869Z - stopping server
info 2020-11-26T20:49:52.733Z - starting server
error 2020-11-26T20:49:52.887Z - Error: Cannot find module './array-polyfills'
Require stack:
- C:\Users\valet\bootcamp\collab\letscoder-bootcamp-202010\staff\antonio-izquierdo\notes-api\utils\randoms.js
- C:\Users\valet\bootcamp\collab\letscoder-bootcamp-202010\staff\antonio-izquierdo\notes-api\utils\index.js
- C:\Users\valet\bootcamp\collab\letscoder-bootcamp-202010\staff\antonio-izquierdo\notes-api\routes\api\helpers\with-error-handling.js
- C:\Users\valet\bootcamp\collab\letscoder-bootcamp-202010\staff\antonio-izquierdo\notes-api\routes\api\index.js
- C:\Users\valet\bootcamp\collab\letscoder-bootcamp-202010\staff\antonio-izquierdo\notes-api\routes\index.js
- C:\Users\valet\bootcamp\collab\letscoder-bootcamp-202010\staff\antonio-izquierdo\notes-api\index.js
    at Function.Module._resolveFilename (internal/modules/cjs/loader.js:831:15)
    at Function.Module._load (internal/modules/cjs/loader.js:687:27)
    at Module.require (internal/modules/cjs/loader.js:903:19)
    at require (internal/modules/cjs/helpers.js:74:18)
    at Object.<anonymous> (C:\Users\valet\bootcamp\collab\letscoder-bootcamp-202010\staff\antonio-izquierdo\notes-api\utils\randoms.js:1:1)
    at Module._compile (internal/modules/cjs/loader.js:1015:30)
    at Object.Module._extensions..js (internal/modules/cjs/loader.js:1035:10)
    at Module.load (internal/modules/cjs/loader.js:879:32)
    at Function.Module._load (internal/modules/cjs/loader.js:724:14)
    at Module.require (internal/modules/cjs/loader.js:903:19)
    at require (internal/modules/cjs/helpers.js:74:18)
    at Object.<anonymous> (C:\Users\valet\bootcamp\collab\letscoder-bootcamp-202010\staff\antonio-izquierdo\notes-api\utils\index.js:4:14)
    at Module._compile (internal/modules/cjs/loader.js:1015:30)
    at Object.Module._extensions..js (internal/modules/cjs/loader.js:1035:10)
    at Module.load (internal/modules/cjs/loader.js:879:32)
    at Function.Module._load (internal/modules/cjs/loader.js:724:14)
info 2020-11-26T20:49:52.899Z - stopping server
info 2020-11-26T21:04:19.335Z - starting server
error 2020-11-26T21:04:19.473Z - Error: Cannot find module './array-polyfills'
Require stack:
- C:\Users\valet\bootcamp\collab\letscoder-bootcamp-202010\staff\antonio-izquierdo\notes-api\utils\randoms.js
- C:\Users\valet\bootcamp\collab\letscoder-bootcamp-202010\staff\antonio-izquierdo\notes-api\utils\index.js
- C:\Users\valet\bootcamp\collab\letscoder-bootcamp-202010\staff\antonio-izquierdo\notes-api\routes\api\helpers\with-error-handling.js
- C:\Users\valet\bootcamp\collab\letscoder-bootcamp-202010\staff\antonio-izquierdo\notes-api\routes\api\index.js
- C:\Users\valet\bootcamp\collab\letscoder-bootcamp-202010\staff\antonio-izquierdo\notes-api\routes\index.js
- C:\Users\valet\bootcamp\collab\letscoder-bootcamp-202010\staff\antonio-izquierdo\notes-api\index.js
    at Function.Module._resolveFilename (internal/modules/cjs/loader.js:831:15)
    at Function.Module._load (internal/modules/cjs/loader.js:687:27)
    at Module.require (internal/modules/cjs/loader.js:903:19)
    at require (internal/modules/cjs/helpers.js:74:18)
    at Object.<anonymous> (C:\Users\valet\bootcamp\collab\letscoder-bootcamp-202010\staff\antonio-izquierdo\notes-api\utils\randoms.js:1:1)
    at Module._compile (internal/modules/cjs/loader.js:1015:30)
    at Object.Module._extensions..js (internal/modules/cjs/loader.js:1035:10)
    at Module.load (internal/modules/cjs/loader.js:879:32)
    at Function.Module._load (internal/modules/cjs/loader.js:724:14)
    at Module.require (internal/modules/cjs/loader.js:903:19)
    at require (internal/modules/cjs/helpers.js:74:18)
    at Object.<anonymous> (C:\Users\valet\bootcamp\collab\letscoder-bootcamp-202010\staff\antonio-izquierdo\notes-api\utils\index.js:4:14)
    at Module._compile (internal/modules/cjs/loader.js:1015:30)
    at Object.Module._extensions..js (internal/modules/cjs/loader.js:1035:10)
    at Module.load (internal/modules/cjs/loader.js:879:32)
    at Function.Module._load (internal/modules/cjs/loader.js:724:14)
info 2020-11-26T21:04:19.500Z - stopping server
info 2020-11-26T21:12:36.051Z - starting server
error 2020-11-26T21:12:36.146Z - Error: Cannot find module './array-polyfills'
Require stack:
- C:\Users\valet\bootcamp\collab\letscoder-bootcamp-202010\staff\antonio-izquierdo\notes-api\utils\randoms.js
- C:\Users\valet\bootcamp\collab\letscoder-bootcamp-202010\staff\antonio-izquierdo\notes-api\utils\index.js
- C:\Users\valet\bootcamp\collab\letscoder-bootcamp-202010\staff\antonio-izquierdo\notes-api\routes\api\helpers\with-error-handling.js
- C:\Users\valet\bootcamp\collab\letscoder-bootcamp-202010\staff\antonio-izquierdo\notes-api\routes\api\index.js
- C:\Users\valet\bootcamp\collab\letscoder-bootcamp-202010\staff\antonio-izquierdo\notes-api\routes\index.js
- C:\Users\valet\bootcamp\collab\letscoder-bootcamp-202010\staff\antonio-izquierdo\notes-api\index.js
    at Function.Module._resolveFilename (internal/modules/cjs/loader.js:831:15)
    at Function.Module._load (internal/modules/cjs/loader.js:687:27)
    at Module.require (internal/modules/cjs/loader.js:903:19)
    at require (internal/modules/cjs/helpers.js:74:18)
    at Object.<anonymous> (C:\Users\valet\bootcamp\collab\letscoder-bootcamp-202010\staff\antonio-izquierdo\notes-api\utils\randoms.js:1:1)
    at Module._compile (internal/modules/cjs/loader.js:1015:30)
    at Object.Module._extensions..js (internal/modules/cjs/loader.js:1035:10)
    at Module.load (internal/modules/cjs/loader.js:879:32)
    at Function.Module._load (internal/modules/cjs/loader.js:724:14)
    at Module.require (internal/modules/cjs/loader.js:903:19)
    at require (internal/modules/cjs/helpers.js:74:18)
    at Object.<anonymous> (C:\Users\valet\bootcamp\collab\letscoder-bootcamp-202010\staff\antonio-izquierdo\notes-api\utils\index.js:4:14)
    at Module._compile (internal/modules/cjs/loader.js:1015:30)
    at Object.Module._extensions..js (internal/modules/cjs/loader.js:1035:10)
    at Module.load (internal/modules/cjs/loader.js:879:32)
    at Function.Module._load (internal/modules/cjs/loader.js:724:14)
info 2020-11-26T21:12:36.159Z - stopping server
info 2020-11-26T21:13:55.231Z - starting server
error 2020-11-26T21:13:55.335Z - Error: Cannot find module './array-polyfills'
Require stack:
- C:\Users\valet\bootcamp\collab\letscoder-bootcamp-202010\staff\antonio-izquierdo\notes-api\utils\randoms.js
- C:\Users\valet\bootcamp\collab\letscoder-bootcamp-202010\staff\antonio-izquierdo\notes-api\utils\index.js
- C:\Users\valet\bootcamp\collab\letscoder-bootcamp-202010\staff\antonio-izquierdo\notes-api\routes\api\helpers\with-error-handling.js
- C:\Users\valet\bootcamp\collab\letscoder-bootcamp-202010\staff\antonio-izquierdo\notes-api\routes\api\index.js
- C:\Users\valet\bootcamp\collab\letscoder-bootcamp-202010\staff\antonio-izquierdo\notes-api\routes\index.js
- C:\Users\valet\bootcamp\collab\letscoder-bootcamp-202010\staff\antonio-izquierdo\notes-api\index.js
    at Function.Module._resolveFilename (internal/modules/cjs/loader.js:831:15)
    at Function.Module._load (internal/modules/cjs/loader.js:687:27)
    at Module.require (internal/modules/cjs/loader.js:903:19)
    at require (internal/modules/cjs/helpers.js:74:18)
    at Object.<anonymous> (C:\Users\valet\bootcamp\collab\letscoder-bootcamp-202010\staff\antonio-izquierdo\notes-api\utils\randoms.js:1:1)
    at Module._compile (internal/modules/cjs/loader.js:1015:30)
    at Object.Module._extensions..js (internal/modules/cjs/loader.js:1035:10)
    at Module.load (internal/modules/cjs/loader.js:879:32)
    at Function.Module._load (internal/modules/cjs/loader.js:724:14)
    at Module.require (internal/modules/cjs/loader.js:903:19)
    at require (internal/modules/cjs/helpers.js:74:18)
    at Object.<anonymous> (C:\Users\valet\bootcamp\collab\letscoder-bootcamp-202010\staff\antonio-izquierdo\notes-api\utils\index.js:4:14)
    at Module._compile (internal/modules/cjs/loader.js:1015:30)
    at Object.Module._extensions..js (internal/modules/cjs/loader.js:1035:10)
    at Module.load (internal/modules/cjs/loader.js:879:32)
    at Function.Module._load (internal/modules/cjs/loader.js:724:14)
info 2020-11-26T21:13:55.344Z - stopping server
info 2020-11-26T21:15:57.689Z - starting server
error 2020-11-26T21:15:57.786Z - Error: Cannot find module './array-polyfills'
Require stack:
- C:\Users\valet\bootcamp\collab\letscoder-bootcamp-202010\staff\antonio-izquierdo\notes-api\utils\randoms.js
- C:\Users\valet\bootcamp\collab\letscoder-bootcamp-202010\staff\antonio-izquierdo\notes-api\utils\index.js
- C:\Users\valet\bootcamp\collab\letscoder-bootcamp-202010\staff\antonio-izquierdo\notes-api\routes\api\helpers\with-error-handling.js
- C:\Users\valet\bootcamp\collab\letscoder-bootcamp-202010\staff\antonio-izquierdo\notes-api\routes\api\index.js
- C:\Users\valet\bootcamp\collab\letscoder-bootcamp-202010\staff\antonio-izquierdo\notes-api\routes\index.js
- C:\Users\valet\bootcamp\collab\letscoder-bootcamp-202010\staff\antonio-izquierdo\notes-api\index.js
    at Function.Module._resolveFilename (internal/modules/cjs/loader.js:831:15)
    at Function.Module._load (internal/modules/cjs/loader.js:687:27)
    at Module.require (internal/modules/cjs/loader.js:903:19)
    at require (internal/modules/cjs/helpers.js:74:18)
    at Object.<anonymous> (C:\Users\valet\bootcamp\collab\letscoder-bootcamp-202010\staff\antonio-izquierdo\notes-api\utils\randoms.js:1:1)
    at Module._compile (internal/modules/cjs/loader.js:1015:30)
    at Object.Module._extensions..js (internal/modules/cjs/loader.js:1035:10)
    at Module.load (internal/modules/cjs/loader.js:879:32)
    at Function.Module._load (internal/modules/cjs/loader.js:724:14)
    at Module.require (internal/modules/cjs/loader.js:903:19)
    at require (internal/modules/cjs/helpers.js:74:18)
    at Object.<anonymous> (C:\Users\valet\bootcamp\collab\letscoder-bootcamp-202010\staff\antonio-izquierdo\notes-api\utils\index.js:4:14)
    at Module._compile (internal/modules/cjs/loader.js:1015:30)
    at Object.Module._extensions..js (internal/modules/cjs/loader.js:1035:10)
    at Module.load (internal/modules/cjs/loader.js:879:32)
    at Function.Module._load (internal/modules/cjs/loader.js:724:14)
info 2020-11-26T21:15:57.794Z - stopping server
info 2020-11-26T21:21:01.508Z - starting server
error 2020-11-26T21:21:01.598Z - Error: Cannot find module './array-polyfills'
Require stack:
- C:\Users\valet\bootcamp\collab\letscoder-bootcamp-202010\staff\antonio-izquierdo\notes-api\utils\randoms.js
- C:\Users\valet\bootcamp\collab\letscoder-bootcamp-202010\staff\antonio-izquierdo\notes-api\utils\index.js
- C:\Users\valet\bootcamp\collab\letscoder-bootcamp-202010\staff\antonio-izquierdo\notes-api\routes\api\helpers\with-error-handling.js
- C:\Users\valet\bootcamp\collab\letscoder-bootcamp-202010\staff\antonio-izquierdo\notes-api\routes\api\index.js
- C:\Users\valet\bootcamp\collab\letscoder-bootcamp-202010\staff\antonio-izquierdo\notes-api\routes\index.js
- C:\Users\valet\bootcamp\collab\letscoder-bootcamp-202010\staff\antonio-izquierdo\notes-api\index.js
    at Function.Module._resolveFilename (internal/modules/cjs/loader.js:831:15)
    at Function.Module._load (internal/modules/cjs/loader.js:687:27)
    at Module.require (internal/modules/cjs/loader.js:903:19)
    at require (internal/modules/cjs/helpers.js:74:18)
    at Object.<anonymous> (C:\Users\valet\bootcamp\collab\letscoder-bootcamp-202010\staff\antonio-izquierdo\notes-api\utils\randoms.js:1:1)
    at Module._compile (internal/modules/cjs/loader.js:1015:30)
    at Object.Module._extensions..js (internal/modules/cjs/loader.js:1035:10)
    at Module.load (internal/modules/cjs/loader.js:879:32)
    at Function.Module._load (internal/modules/cjs/loader.js:724:14)
    at Module.require (internal/modules/cjs/loader.js:903:19)
    at require (internal/modules/cjs/helpers.js:74:18)
    at Object.<anonymous> (C:\Users\valet\bootcamp\collab\letscoder-bootcamp-202010\staff\antonio-izquierdo\notes-api\utils\index.js:4:14)
    at Module._compile (internal/modules/cjs/loader.js:1015:30)
    at Object.Module._extensions..js (internal/modules/cjs/loader.js:1035:10)
    at Module.load (internal/modules/cjs/loader.js:879:32)
    at Function.Module._load (internal/modules/cjs/loader.js:724:14)
info 2020-11-26T21:21:01.609Z - stopping server
info 2020-11-26T21:22:26.033Z - starting server
error 2020-11-26T21:22:26.125Z - Error: Cannot find module './array-polyfills'
Require stack:
- C:\Users\valet\bootcamp\collab\letscoder-bootcamp-202010\staff\antonio-izquierdo\notes-api\utils\randoms.js
- C:\Users\valet\bootcamp\collab\letscoder-bootcamp-202010\staff\antonio-izquierdo\notes-api\utils\index.js
- C:\Users\valet\bootcamp\collab\letscoder-bootcamp-202010\staff\antonio-izquierdo\notes-api\routes\api\helpers\with-error-handling.js
- C:\Users\valet\bootcamp\collab\letscoder-bootcamp-202010\staff\antonio-izquierdo\notes-api\routes\api\index.js
- C:\Users\valet\bootcamp\collab\letscoder-bootcamp-202010\staff\antonio-izquierdo\notes-api\routes\index.js
- C:\Users\valet\bootcamp\collab\letscoder-bootcamp-202010\staff\antonio-izquierdo\notes-api\index.js
    at Function.Module._resolveFilename (internal/modules/cjs/loader.js:831:15)
    at Function.Module._load (internal/modules/cjs/loader.js:687:27)
    at Module.require (internal/modules/cjs/loader.js:903:19)
    at require (internal/modules/cjs/helpers.js:74:18)
    at Object.<anonymous> (C:\Users\valet\bootcamp\collab\letscoder-bootcamp-202010\staff\antonio-izquierdo\notes-api\utils\randoms.js:1:1)
    at Module._compile (internal/modules/cjs/loader.js:1015:30)
    at Object.Module._extensions..js (internal/modules/cjs/loader.js:1035:10)
    at Module.load (internal/modules/cjs/loader.js:879:32)
    at Function.Module._load (internal/modules/cjs/loader.js:724:14)
    at Module.require (internal/modules/cjs/loader.js:903:19)
    at require (internal/modules/cjs/helpers.js:74:18)
    at Object.<anonymous> (C:\Users\valet\bootcamp\collab\letscoder-bootcamp-202010\staff\antonio-izquierdo\notes-api\utils\index.js:4:14)
    at Module._compile (internal/modules/cjs/loader.js:1015:30)
    at Object.Module._extensions..js (internal/modules/cjs/loader.js:1035:10)
    at Module.load (internal/modules/cjs/loader.js:879:32)
    at Function.Module._load (internal/modules/cjs/loader.js:724:14)
info 2020-11-26T21:22:26.133Z - stopping server
info 2020-11-26T21:27:35.240Z - starting server
error 2020-11-26T21:27:35.340Z - Error: Cannot find module './array-polyfills'
Require stack:
- C:\Users\valet\bootcamp\collab\letscoder-bootcamp-202010\staff\antonio-izquierdo\notes-api\utils\randoms.js
- C:\Users\valet\bootcamp\collab\letscoder-bootcamp-202010\staff\antonio-izquierdo\notes-api\utils\index.js
- C:\Users\valet\bootcamp\collab\letscoder-bootcamp-202010\staff\antonio-izquierdo\notes-api\routes\api\helpers\with-error-handling.js
- C:\Users\valet\bootcamp\collab\letscoder-bootcamp-202010\staff\antonio-izquierdo\notes-api\routes\api\index.js
- C:\Users\valet\bootcamp\collab\letscoder-bootcamp-202010\staff\antonio-izquierdo\notes-api\routes\index.js
- C:\Users\valet\bootcamp\collab\letscoder-bootcamp-202010\staff\antonio-izquierdo\notes-api\index.js
    at Function.Module._resolveFilename (internal/modules/cjs/loader.js:831:15)
    at Function.Module._load (internal/modules/cjs/loader.js:687:27)
    at Module.require (internal/modules/cjs/loader.js:903:19)
    at require (internal/modules/cjs/helpers.js:74:18)
    at Object.<anonymous> (C:\Users\valet\bootcamp\collab\letscoder-bootcamp-202010\staff\antonio-izquierdo\notes-api\utils\randoms.js:1:1)
    at Module._compile (internal/modules/cjs/loader.js:1015:30)
    at Object.Module._extensions..js (internal/modules/cjs/loader.js:1035:10)
    at Module.load (internal/modules/cjs/loader.js:879:32)
    at Function.Module._load (internal/modules/cjs/loader.js:724:14)
    at Module.require (internal/modules/cjs/loader.js:903:19)
    at require (internal/modules/cjs/helpers.js:74:18)
    at Object.<anonymous> (C:\Users\valet\bootcamp\collab\letscoder-bootcamp-202010\staff\antonio-izquierdo\notes-api\utils\index.js:4:14)
    at Module._compile (internal/modules/cjs/loader.js:1015:30)
    at Object.Module._extensions..js (internal/modules/cjs/loader.js:1035:10)
    at Module.load (internal/modules/cjs/loader.js:879:32)
    at Function.Module._load (internal/modules/cjs/loader.js:724:14)
info 2020-11-26T21:27:35.348Z - stopping server
info 2020-11-26T21:49:03.306Z - starting server
info 2020-11-26T21:49:03.412Z - server running on port 4000
error 2020-11-26T21:49:49.280Z - ValidationError: User validation failed: password: Path `password` (`123`) is shorter than the minimum allowed length (8).
    at model.Document.invalidate (C:\Users\valet\bootcamp\collab\letscoder-bootcamp-202010\staff\antonio-izquierdo\notes-api\node_modules\mongoose\lib\document.js:2620:32)
    at C:\Users\valet\bootcamp\collab\letscoder-bootcamp-202010\staff\antonio-izquierdo\notes-api\node_modules\mongoose\lib\document.js:2440:17
    at C:\Users\valet\bootcamp\collab\letscoder-bootcamp-202010\staff\antonio-izquierdo\notes-api\node_modules\mongoose\lib\schematype.js:1225:9
    at processTicksAndRejections (internal/process/task_queues.js:79:11)
error 2020-11-26T21:51:18.916Z - ValidationError: User validation failed: password: Path `password` (`123`) is shorter than the minimum allowed length (8).
    at model.Document.invalidate (C:\Users\valet\bootcamp\collab\letscoder-bootcamp-202010\staff\antonio-izquierdo\notes-api\node_modules\mongoose\lib\document.js:2620:32)
    at C:\Users\valet\bootcamp\collab\letscoder-bootcamp-202010\staff\antonio-izquierdo\notes-api\node_modules\mongoose\lib\document.js:2440:17
    at C:\Users\valet\bootcamp\collab\letscoder-bootcamp-202010\staff\antonio-izquierdo\notes-api\node_modules\mongoose\lib\schematype.js:1225:9
    at processTicksAndRejections (internal/process/task_queues.js:79:11)
info 2020-11-26T21:51:31.934Z - stopping server
info 2020-11-26T21:51:47.674Z - starting server
info 2020-11-26T21:51:47.786Z - server running on port 4000
error 2020-11-26T21:52:28.249Z - TypeError: Cannot read property 'db' of undefined
    at Object.<anonymous> (C:\Users\valet\bootcamp\collab\letscoder-bootcamp-202010\staff\antonio-izquierdo\notes-api\logic\authenticate-user.js:13:27)
    at module.exports (C:\Users\valet\bootcamp\collab\letscoder-bootcamp-202010\staff\antonio-izquierdo\notes-api\routes\api\handlers\handle-authenticate-user.js:10:9)
    at C:\Users\valet\bootcamp\collab\letscoder-bootcamp-202010\staff\antonio-izquierdo\notes-api\routes\api\helpers\with-error-handling.js:6:9
    at Layer.handle [as handle_request] (C:\Users\valet\bootcamp\collab\letscoder-bootcamp-202010\staff\antonio-izquierdo\notes-api\node_modules\express\lib\router\layer.js:95:5)
    at next (C:\Users\valet\bootcamp\collab\letscoder-bootcamp-202010\staff\antonio-izquierdo\notes-api\node_modules\express\lib\router\route.js:137:13)
    at IncomingMessage.<anonymous> (C:\Users\valet\bootcamp\collab\letscoder-bootcamp-202010\staff\antonio-izquierdo\notes-api\middlewares\json-body-parser.js:21:13)
    at IncomingMessage.emit (events.js:314:20)
    at endReadableNT (_stream_readable.js:1223:12)
    at processTicksAndRejections (internal/process/task_queues.js:84:21)
info 2020-11-26T22:08:05.256Z - stopping server
info 2020-11-27T13:01:02.877Z - starting server
info 2020-11-27T13:01:03.018Z - server running on port 4000
error 2020-11-27T13:01:44.089Z - ValidationError: User validation failed: password: Path `password` (`123`) is shorter than the minimum allowed length (8).
    at model.Document.invalidate (C:\Users\valet\bootcamp\collab\letscoder-bootcamp-202010\staff\antonio-izquierdo\notes-api\node_modules\mongoose\lib\document.js:2620:32)
    at C:\Users\valet\bootcamp\collab\letscoder-bootcamp-202010\staff\antonio-izquierdo\notes-api\node_modules\mongoose\lib\document.js:2440:17
    at C:\Users\valet\bootcamp\collab\letscoder-bootcamp-202010\staff\antonio-izquierdo\notes-api\node_modules\mongoose\lib\schematype.js:1225:9
    at processTicksAndRejections (internal/process/task_queues.js:79:11)
error 2020-11-27T13:01:54.735Z - TypeError: [object Object] is not a id
    at validateId (C:\Users\valet\bootcamp\collab\letscoder-bootcamp-202010\staff\antonio-izquierdo\notes-api\logic\helpers\validations.js:30:43)
    at Object.<anonymous> (C:\Users\valet\bootcamp\collab\letscoder-bootcamp-202010\staff\antonio-izquierdo\notes-api\logic\retrieve-user.js:9:5)
    at module.exports (C:\Users\valet\bootcamp\collab\letscoder-bootcamp-202010\staff\antonio-izquierdo\notes-api\routes\api\handlers\handle-retrieve-user.js:15:9)
    at C:\Users\valet\bootcamp\collab\letscoder-bootcamp-202010\staff\antonio-izquierdo\notes-api\routes\api\helpers\with-error-handling.js:6:9
    at Layer.handle [as handle_request] (C:\Users\valet\bootcamp\collab\letscoder-bootcamp-202010\staff\antonio-izquierdo\notes-api\node_modules\express\lib\router\layer.js:95:5)
    at next (C:\Users\valet\bootcamp\collab\letscoder-bootcamp-202010\staff\antonio-izquierdo\notes-api\node_modules\express\lib\router\route.js:137:13)
    at Route.dispatch (C:\Users\valet\bootcamp\collab\letscoder-bootcamp-202010\staff\antonio-izquierdo\notes-api\node_modules\express\lib\router\route.js:112:3)
    at Layer.handle [as handle_request] (C:\Users\valet\bootcamp\collab\letscoder-bootcamp-202010\staff\antonio-izquierdo\notes-api\node_modules\express\lib\router\layer.js:95:5)
    at C:\Users\valet\bootcamp\collab\letscoder-bootcamp-202010\staff\antonio-izquierdo\notes-api\node_modules\express\lib\router\index.js:281:22
    at Function.process_params (C:\Users\valet\bootcamp\collab\letscoder-bootcamp-202010\staff\antonio-izquierdo\notes-api\node_modules\express\lib\router\index.js:335:12)
    at next (C:\Users\valet\bootcamp\collab\letscoder-bootcamp-202010\staff\antonio-izquierdo\notes-api\node_modules\express\lib\router\index.js:275:10)
    at Function.handle (C:\Users\valet\bootcamp\collab\letscoder-bootcamp-202010\staff\antonio-izquierdo\notes-api\node_modules\express\lib\router\index.js:174:3)
    at router (C:\Users\valet\bootcamp\collab\letscoder-bootcamp-202010\staff\antonio-izquierdo\notes-api\node_modules\express\lib\router\index.js:47:12)
    at Layer.handle [as handle_request] (C:\Users\valet\bootcamp\collab\letscoder-bootcamp-202010\staff\antonio-izquierdo\notes-api\node_modules\express\lib\router\layer.js:95:5)
    at trim_prefix (C:\Users\valet\bootcamp\collab\letscoder-bootcamp-202010\staff\antonio-izquierdo\notes-api\node_modules\express\lib\router\index.js:317:13)
    at C:\Users\valet\bootcamp\collab\letscoder-bootcamp-202010\staff\antonio-izquierdo\notes-api\node_modules\express\lib\router\index.js:284:7
error 2020-11-27T13:03:15.853Z - TypeError: [object Object] is not a id
    at validateId (C:\Users\valet\bootcamp\collab\letscoder-bootcamp-202010\staff\antonio-izquierdo\notes-api\logic\helpers\validations.js:30:43)
    at Object.<anonymous> (C:\Users\valet\bootcamp\collab\letscoder-bootcamp-202010\staff\antonio-izquierdo\notes-api\logic\save-note.js:9:5)
    at module.exports (C:\Users\valet\bootcamp\collab\letscoder-bootcamp-202010\staff\antonio-izquierdo\notes-api\routes\api\handlers\handle-save-note.js:15:9)
    at C:\Users\valet\bootcamp\collab\letscoder-bootcamp-202010\staff\antonio-izquierdo\notes-api\routes\api\helpers\with-error-handling.js:6:9
    at Layer.handle [as handle_request] (C:\Users\valet\bootcamp\collab\letscoder-bootcamp-202010\staff\antonio-izquierdo\notes-api\node_modules\express\lib\router\layer.js:95:5)
    at next (C:\Users\valet\bootcamp\collab\letscoder-bootcamp-202010\staff\antonio-izquierdo\notes-api\node_modules\express\lib\router\route.js:137:13)
    at IncomingMessage.<anonymous> (C:\Users\valet\bootcamp\collab\letscoder-bootcamp-202010\staff\antonio-izquierdo\notes-api\middlewares\json-body-parser.js:21:13)
    at IncomingMessage.emit (events.js:314:20)
    at endReadableNT (_stream_readable.js:1223:12)
    at processTicksAndRejections (internal/process/task_queues.js:84:21)
info 2020-11-27T14:22:10.914Z - starting server
info 2020-11-27T14:22:11.036Z - server running on port 4000
error 2020-11-27T14:22:28.534Z - ValidationError: User validation failed: password: Path `password` (`123`) is shorter than the minimum allowed length (8).
    at model.Document.invalidate (C:\Users\valet\bootcamp\collab\letscoder-bootcamp-202010\staff\antonio-izquierdo\notes-api\node_modules\mongoose\lib\document.js:2620:32)
    at C:\Users\valet\bootcamp\collab\letscoder-bootcamp-202010\staff\antonio-izquierdo\notes-api\node_modules\mongoose\lib\document.js:2440:17
    at C:\Users\valet\bootcamp\collab\letscoder-bootcamp-202010\staff\antonio-izquierdo\notes-api\node_modules\mongoose\lib\schematype.js:1225:9
    at processTicksAndRejections (internal/process/task_queues.js:79:11)
error 2020-11-27T14:22:42.014Z - TypeError: [object Object] is not a id
    at validateId (C:\Users\valet\bootcamp\collab\letscoder-bootcamp-202010\staff\antonio-izquierdo\notes-api\logic\helpers\validations.js:30:43)
    at Object.<anonymous> (C:\Users\valet\bootcamp\collab\letscoder-bootcamp-202010\staff\antonio-izquierdo\notes-api\logic\retrieve-user.js:9:5)
    at module.exports (C:\Users\valet\bootcamp\collab\letscoder-bootcamp-202010\staff\antonio-izquierdo\notes-api\routes\api\handlers\handle-retrieve-user.js:15:9)
    at C:\Users\valet\bootcamp\collab\letscoder-bootcamp-202010\staff\antonio-izquierdo\notes-api\routes\api\helpers\with-error-handling.js:6:9
    at Layer.handle [as handle_request] (C:\Users\valet\bootcamp\collab\letscoder-bootcamp-202010\staff\antonio-izquierdo\notes-api\node_modules\express\lib\router\layer.js:95:5)
    at next (C:\Users\valet\bootcamp\collab\letscoder-bootcamp-202010\staff\antonio-izquierdo\notes-api\node_modules\express\lib\router\route.js:137:13)
    at Route.dispatch (C:\Users\valet\bootcamp\collab\letscoder-bootcamp-202010\staff\antonio-izquierdo\notes-api\node_modules\express\lib\router\route.js:112:3)
    at Layer.handle [as handle_request] (C:\Users\valet\bootcamp\collab\letscoder-bootcamp-202010\staff\antonio-izquierdo\notes-api\node_modules\express\lib\router\layer.js:95:5)
    at C:\Users\valet\bootcamp\collab\letscoder-bootcamp-202010\staff\antonio-izquierdo\notes-api\node_modules\express\lib\router\index.js:281:22
    at Function.process_params (C:\Users\valet\bootcamp\collab\letscoder-bootcamp-202010\staff\antonio-izquierdo\notes-api\node_modules\express\lib\router\index.js:335:12)
    at next (C:\Users\valet\bootcamp\collab\letscoder-bootcamp-202010\staff\antonio-izquierdo\notes-api\node_modules\express\lib\router\index.js:275:10)
    at Function.handle (C:\Users\valet\bootcamp\collab\letscoder-bootcamp-202010\staff\antonio-izquierdo\notes-api\node_modules\express\lib\router\index.js:174:3)
    at router (C:\Users\valet\bootcamp\collab\letscoder-bootcamp-202010\staff\antonio-izquierdo\notes-api\node_modules\express\lib\router\index.js:47:12)
    at Layer.handle [as handle_request] (C:\Users\valet\bootcamp\collab\letscoder-bootcamp-202010\staff\antonio-izquierdo\notes-api\node_modules\express\lib\router\layer.js:95:5)
    at trim_prefix (C:\Users\valet\bootcamp\collab\letscoder-bootcamp-202010\staff\antonio-izquierdo\notes-api\node_modules\express\lib\router\index.js:317:13)
    at C:\Users\valet\bootcamp\collab\letscoder-bootcamp-202010\staff\antonio-izquierdo\notes-api\node_modules\express\lib\router\index.js:284:7
info 2020-11-27T14:27:03.432Z - stopping server
info 2020-11-27T14:27:32.515Z - starting server
info 2020-11-27T14:29:12.687Z - starting server
info 2020-11-27T14:30:41.181Z - server running on port 4000
info 2020-11-27T14:30:51.068Z - starting server
info 2020-11-27T14:31:01.669Z - server running on port 4000
info 2020-11-27T14:31:08.767Z - starting server
info 2020-11-27T14:31:17.262Z - starting server
info 2020-11-27T14:32:17.797Z - starting server
info 2020-11-27T14:32:17.908Z - server running on port 4000
error 2020-11-27T14:32:22.688Z - TypeError: [object Object] is not a id
    at validateId (C:\Users\valet\bootcamp\collab\letscoder-bootcamp-202010\staff\antonio-izquierdo\notes-api\logic\helpers\validations.js:30:43)
    at Object.<anonymous> (C:\Users\valet\bootcamp\collab\letscoder-bootcamp-202010\staff\antonio-izquierdo\notes-api\logic\retrieve-user.js:9:5)
    at module.exports (C:\Users\valet\bootcamp\collab\letscoder-bootcamp-202010\staff\antonio-izquierdo\notes-api\routes\api\handlers\handle-retrieve-user.js:15:9)
    at C:\Users\valet\bootcamp\collab\letscoder-bootcamp-202010\staff\antonio-izquierdo\notes-api\routes\api\helpers\with-error-handling.js:6:9
    at Layer.handle [as handle_request] (C:\Users\valet\bootcamp\collab\letscoder-bootcamp-202010\staff\antonio-izquierdo\notes-api\node_modules\express\lib\router\layer.js:95:5)
    at next (C:\Users\valet\bootcamp\collab\letscoder-bootcamp-202010\staff\antonio-izquierdo\notes-api\node_modules\express\lib\router\route.js:137:13)
    at Route.dispatch (C:\Users\valet\bootcamp\collab\letscoder-bootcamp-202010\staff\antonio-izquierdo\notes-api\node_modules\express\lib\router\route.js:112:3)
    at Layer.handle [as handle_request] (C:\Users\valet\bootcamp\collab\letscoder-bootcamp-202010\staff\antonio-izquierdo\notes-api\node_modules\express\lib\router\layer.js:95:5)
    at C:\Users\valet\bootcamp\collab\letscoder-bootcamp-202010\staff\antonio-izquierdo\notes-api\node_modules\express\lib\router\index.js:281:22
    at Function.process_params (C:\Users\valet\bootcamp\collab\letscoder-bootcamp-202010\staff\antonio-izquierdo\notes-api\node_modules\express\lib\router\index.js:335:12)
    at next (C:\Users\valet\bootcamp\collab\letscoder-bootcamp-202010\staff\antonio-izquierdo\notes-api\node_modules\express\lib\router\index.js:275:10)
    at Function.handle (C:\Users\valet\bootcamp\collab\letscoder-bootcamp-202010\staff\antonio-izquierdo\notes-api\node_modules\express\lib\router\index.js:174:3)
    at router (C:\Users\valet\bootcamp\collab\letscoder-bootcamp-202010\staff\antonio-izquierdo\notes-api\node_modules\express\lib\router\index.js:47:12)
    at Layer.handle [as handle_request] (C:\Users\valet\bootcamp\collab\letscoder-bootcamp-202010\staff\antonio-izquierdo\notes-api\node_modules\express\lib\router\layer.js:95:5)
    at trim_prefix (C:\Users\valet\bootcamp\collab\letscoder-bootcamp-202010\staff\antonio-izquierdo\notes-api\node_modules\express\lib\router\index.js:317:13)
    at C:\Users\valet\bootcamp\collab\letscoder-bootcamp-202010\staff\antonio-izquierdo\notes-api\node_modules\express\lib\router\index.js:284:7
info 2020-11-27T14:32:27.750Z - stopping server
info 2020-11-27T14:33:11.337Z - starting server
info 2020-11-27T14:33:11.453Z - server running on port 4000
error 2020-11-27T14:33:35.808Z - TypeError: [object Object] is not a id
    at validateId (C:\Users\valet\bootcamp\collab\letscoder-bootcamp-202010\staff\antonio-izquierdo\notes-api\logic\helpers\validations.js:30:43)
    at Object.<anonymous> (C:\Users\valet\bootcamp\collab\letscoder-bootcamp-202010\staff\antonio-izquierdo\notes-api\logic\retrieve-user.js:9:5)
    at module.exports (C:\Users\valet\bootcamp\collab\letscoder-bootcamp-202010\staff\antonio-izquierdo\notes-api\routes\api\handlers\handle-retrieve-user.js:15:9)
    at C:\Users\valet\bootcamp\collab\letscoder-bootcamp-202010\staff\antonio-izquierdo\notes-api\routes\api\helpers\with-error-handling.js:6:9
    at Layer.handle [as handle_request] (C:\Users\valet\bootcamp\collab\letscoder-bootcamp-202010\staff\antonio-izquierdo\notes-api\node_modules\express\lib\router\layer.js:95:5)
    at next (C:\Users\valet\bootcamp\collab\letscoder-bootcamp-202010\staff\antonio-izquierdo\notes-api\node_modules\express\lib\router\route.js:137:13)
    at Route.dispatch (C:\Users\valet\bootcamp\collab\letscoder-bootcamp-202010\staff\antonio-izquierdo\notes-api\node_modules\express\lib\router\route.js:112:3)
    at Layer.handle [as handle_request] (C:\Users\valet\bootcamp\collab\letscoder-bootcamp-202010\staff\antonio-izquierdo\notes-api\node_modules\express\lib\router\layer.js:95:5)
    at C:\Users\valet\bootcamp\collab\letscoder-bootcamp-202010\staff\antonio-izquierdo\notes-api\node_modules\express\lib\router\index.js:281:22
    at Function.process_params (C:\Users\valet\bootcamp\collab\letscoder-bootcamp-202010\staff\antonio-izquierdo\notes-api\node_modules\express\lib\router\index.js:335:12)
    at next (C:\Users\valet\bootcamp\collab\letscoder-bootcamp-202010\staff\antonio-izquierdo\notes-api\node_modules\express\lib\router\index.js:275:10)
    at Function.handle (C:\Users\valet\bootcamp\collab\letscoder-bootcamp-202010\staff\antonio-izquierdo\notes-api\node_modules\express\lib\router\index.js:174:3)
    at router (C:\Users\valet\bootcamp\collab\letscoder-bootcamp-202010\staff\antonio-izquierdo\notes-api\node_modules\express\lib\router\index.js:47:12)
    at Layer.handle [as handle_request] (C:\Users\valet\bootcamp\collab\letscoder-bootcamp-202010\staff\antonio-izquierdo\notes-api\node_modules\express\lib\router\layer.js:95:5)
    at trim_prefix (C:\Users\valet\bootcamp\collab\letscoder-bootcamp-202010\staff\antonio-izquierdo\notes-api\node_modules\express\lib\router\index.js:317:13)
    at C:\Users\valet\bootcamp\collab\letscoder-bootcamp-202010\staff\antonio-izquierdo\notes-api\node_modules\express\lib\router\index.js:284:7
error 2020-11-27T14:33:52.546Z - TypeError: [object Object] is not a id
    at validateId (C:\Users\valet\bootcamp\collab\letscoder-bootcamp-202010\staff\antonio-izquierdo\notes-api\logic\helpers\validations.js:30:43)
    at Object.<anonymous> (C:\Users\valet\bootcamp\collab\letscoder-bootcamp-202010\staff\antonio-izquierdo\notes-api\logic\retrieve-user.js:9:5)
    at module.exports (C:\Users\valet\bootcamp\collab\letscoder-bootcamp-202010\staff\antonio-izquierdo\notes-api\routes\api\handlers\handle-retrieve-user.js:15:9)
    at C:\Users\valet\bootcamp\collab\letscoder-bootcamp-202010\staff\antonio-izquierdo\notes-api\routes\api\helpers\with-error-handling.js:6:9
    at Layer.handle [as handle_request] (C:\Users\valet\bootcamp\collab\letscoder-bootcamp-202010\staff\antonio-izquierdo\notes-api\node_modules\express\lib\router\layer.js:95:5)
    at next (C:\Users\valet\bootcamp\collab\letscoder-bootcamp-202010\staff\antonio-izquierdo\notes-api\node_modules\express\lib\router\route.js:137:13)
    at Route.dispatch (C:\Users\valet\bootcamp\collab\letscoder-bootcamp-202010\staff\antonio-izquierdo\notes-api\node_modules\express\lib\router\route.js:112:3)
    at Layer.handle [as handle_request] (C:\Users\valet\bootcamp\collab\letscoder-bootcamp-202010\staff\antonio-izquierdo\notes-api\node_modules\express\lib\router\layer.js:95:5)
    at C:\Users\valet\bootcamp\collab\letscoder-bootcamp-202010\staff\antonio-izquierdo\notes-api\node_modules\express\lib\router\index.js:281:22
    at Function.process_params (C:\Users\valet\bootcamp\collab\letscoder-bootcamp-202010\staff\antonio-izquierdo\notes-api\node_modules\express\lib\router\index.js:335:12)
    at next (C:\Users\valet\bootcamp\collab\letscoder-bootcamp-202010\staff\antonio-izquierdo\notes-api\node_modules\express\lib\router\index.js:275:10)
    at Function.handle (C:\Users\valet\bootcamp\collab\letscoder-bootcamp-202010\staff\antonio-izquierdo\notes-api\node_modules\express\lib\router\index.js:174:3)
    at router (C:\Users\valet\bootcamp\collab\letscoder-bootcamp-202010\staff\antonio-izquierdo\notes-api\node_modules\express\lib\router\index.js:47:12)
    at Layer.handle [as handle_request] (C:\Users\valet\bootcamp\collab\letscoder-bootcamp-202010\staff\antonio-izquierdo\notes-api\node_modules\express\lib\router\layer.js:95:5)
    at trim_prefix (C:\Users\valet\bootcamp\collab\letscoder-bootcamp-202010\staff\antonio-izquierdo\notes-api\node_modules\express\lib\router\index.js:317:13)
    at C:\Users\valet\bootcamp\collab\letscoder-bootcamp-202010\staff\antonio-izquierdo\notes-api\node_modules\express\lib\router\index.js:284:7
info 2020-11-27T14:34:12.264Z - stopping server
info 2020-11-27T14:34:46.717Z - starting server
info 2020-11-27T14:34:46.817Z - server running on port 4000
info 2020-11-27T14:34:52.600Z - stopping server
info 2020-11-27T14:35:48.525Z - starting server
info 2020-11-27T14:39:08.470Z - server running on port 4000
info 2020-11-27T14:44:06.423Z - starting server
info 2020-11-27T14:44:06.542Z - server running on port 4000
error 2020-11-27T14:44:23.140Z - TypeError: Cannot read property 'db' of undefined
    at Object.<anonymous> (C:\Users\valet\bootcamp\collab\letscoder-bootcamp-202010\staff\antonio-izquierdo\notes-api\logic\retrieve-user.js:13:27)
    at module.exports (C:\Users\valet\bootcamp\collab\letscoder-bootcamp-202010\staff\antonio-izquierdo\notes-api\routes\api\handlers\handle-retrieve-user.js:15:9)
    at C:\Users\valet\bootcamp\collab\letscoder-bootcamp-202010\staff\antonio-izquierdo\notes-api\routes\api\helpers\with-error-handling.js:6:9
    at Layer.handle [as handle_request] (C:\Users\valet\bootcamp\collab\letscoder-bootcamp-202010\staff\antonio-izquierdo\notes-api\node_modules\express\lib\router\layer.js:95:5)
    at next (C:\Users\valet\bootcamp\collab\letscoder-bootcamp-202010\staff\antonio-izquierdo\notes-api\node_modules\express\lib\router\route.js:137:13)
    at Route.dispatch (C:\Users\valet\bootcamp\collab\letscoder-bootcamp-202010\staff\antonio-izquierdo\notes-api\node_modules\express\lib\router\route.js:112:3)
    at Layer.handle [as handle_request] (C:\Users\valet\bootcamp\collab\letscoder-bootcamp-202010\staff\antonio-izquierdo\notes-api\node_modules\express\lib\router\layer.js:95:5)
    at C:\Users\valet\bootcamp\collab\letscoder-bootcamp-202010\staff\antonio-izquierdo\notes-api\node_modules\express\lib\router\index.js:281:22
    at Function.process_params (C:\Users\valet\bootcamp\collab\letscoder-bootcamp-202010\staff\antonio-izquierdo\notes-api\node_modules\express\lib\router\index.js:335:12)
    at next (C:\Users\valet\bootcamp\collab\letscoder-bootcamp-202010\staff\antonio-izquierdo\notes-api\node_modules\express\lib\router\index.js:275:10)
    at Function.handle (C:\Users\valet\bootcamp\collab\letscoder-bootcamp-202010\staff\antonio-izquierdo\notes-api\node_modules\express\lib\router\index.js:174:3)
    at router (C:\Users\valet\bootcamp\collab\letscoder-bootcamp-202010\staff\antonio-izquierdo\notes-api\node_modules\express\lib\router\index.js:47:12)
    at Layer.handle [as handle_request] (C:\Users\valet\bootcamp\collab\letscoder-bootcamp-202010\staff\antonio-izquierdo\notes-api\node_modules\express\lib\router\layer.js:95:5)
    at trim_prefix (C:\Users\valet\bootcamp\collab\letscoder-bootcamp-202010\staff\antonio-izquierdo\notes-api\node_modules\express\lib\router\index.js:317:13)
    at C:\Users\valet\bootcamp\collab\letscoder-bootcamp-202010\staff\antonio-izquierdo\notes-api\node_modules\express\lib\router\index.js:284:7
    at Function.process_params (C:\Users\valet\bootcamp\collab\letscoder-bootcamp-202010\staff\antonio-izquierdo\notes-api\node_modules\express\lib\router\index.js:335:12)
error 2020-11-27T14:46:23.291Z - TypeError: Cannot read property 'db' of undefined
    at Object.<anonymous> (C:\Users\valet\bootcamp\collab\letscoder-bootcamp-202010\staff\antonio-izquierdo\notes-api\logic\retrieve-user.js:13:27)
    at module.exports (C:\Users\valet\bootcamp\collab\letscoder-bootcamp-202010\staff\antonio-izquierdo\notes-api\routes\api\handlers\handle-retrieve-user.js:15:9)
    at C:\Users\valet\bootcamp\collab\letscoder-bootcamp-202010\staff\antonio-izquierdo\notes-api\routes\api\helpers\with-error-handling.js:6:9
    at Layer.handle [as handle_request] (C:\Users\valet\bootcamp\collab\letscoder-bootcamp-202010\staff\antonio-izquierdo\notes-api\node_modules\express\lib\router\layer.js:95:5)
    at next (C:\Users\valet\bootcamp\collab\letscoder-bootcamp-202010\staff\antonio-izquierdo\notes-api\node_modules\express\lib\router\route.js:137:13)
    at Route.dispatch (C:\Users\valet\bootcamp\collab\letscoder-bootcamp-202010\staff\antonio-izquierdo\notes-api\node_modules\express\lib\router\route.js:112:3)
    at Layer.handle [as handle_request] (C:\Users\valet\bootcamp\collab\letscoder-bootcamp-202010\staff\antonio-izquierdo\notes-api\node_modules\express\lib\router\layer.js:95:5)
    at C:\Users\valet\bootcamp\collab\letscoder-bootcamp-202010\staff\antonio-izquierdo\notes-api\node_modules\express\lib\router\index.js:281:22
    at Function.process_params (C:\Users\valet\bootcamp\collab\letscoder-bootcamp-202010\staff\antonio-izquierdo\notes-api\node_modules\express\lib\router\index.js:335:12)
    at next (C:\Users\valet\bootcamp\collab\letscoder-bootcamp-202010\staff\antonio-izquierdo\notes-api\node_modules\express\lib\router\index.js:275:10)
    at Function.handle (C:\Users\valet\bootcamp\collab\letscoder-bootcamp-202010\staff\antonio-izquierdo\notes-api\node_modules\express\lib\router\index.js:174:3)
    at router (C:\Users\valet\bootcamp\collab\letscoder-bootcamp-202010\staff\antonio-izquierdo\notes-api\node_modules\express\lib\router\index.js:47:12)
    at Layer.handle [as handle_request] (C:\Users\valet\bootcamp\collab\letscoder-bootcamp-202010\staff\antonio-izquierdo\notes-api\node_modules\express\lib\router\layer.js:95:5)
    at trim_prefix (C:\Users\valet\bootcamp\collab\letscoder-bootcamp-202010\staff\antonio-izquierdo\notes-api\node_modules\express\lib\router\index.js:317:13)
    at C:\Users\valet\bootcamp\collab\letscoder-bootcamp-202010\staff\antonio-izquierdo\notes-api\node_modules\express\lib\router\index.js:284:7
    at Function.process_params (C:\Users\valet\bootcamp\collab\letscoder-bootcamp-202010\staff\antonio-izquierdo\notes-api\node_modules\express\lib\router\index.js:335:12)
error 2020-11-27T14:46:26.336Z - TypeError: Cannot read property 'db' of undefined
    at Object.<anonymous> (C:\Users\valet\bootcamp\collab\letscoder-bootcamp-202010\staff\antonio-izquierdo\notes-api\logic\retrieve-user.js:13:27)
    at module.exports (C:\Users\valet\bootcamp\collab\letscoder-bootcamp-202010\staff\antonio-izquierdo\notes-api\routes\api\handlers\handle-retrieve-user.js:15:9)
    at C:\Users\valet\bootcamp\collab\letscoder-bootcamp-202010\staff\antonio-izquierdo\notes-api\routes\api\helpers\with-error-handling.js:6:9
    at Layer.handle [as handle_request] (C:\Users\valet\bootcamp\collab\letscoder-bootcamp-202010\staff\antonio-izquierdo\notes-api\node_modules\express\lib\router\layer.js:95:5)
    at next (C:\Users\valet\bootcamp\collab\letscoder-bootcamp-202010\staff\antonio-izquierdo\notes-api\node_modules\express\lib\router\route.js:137:13)
    at Route.dispatch (C:\Users\valet\bootcamp\collab\letscoder-bootcamp-202010\staff\antonio-izquierdo\notes-api\node_modules\express\lib\router\route.js:112:3)
    at Layer.handle [as handle_request] (C:\Users\valet\bootcamp\collab\letscoder-bootcamp-202010\staff\antonio-izquierdo\notes-api\node_modules\express\lib\router\layer.js:95:5)
    at C:\Users\valet\bootcamp\collab\letscoder-bootcamp-202010\staff\antonio-izquierdo\notes-api\node_modules\express\lib\router\index.js:281:22
    at Function.process_params (C:\Users\valet\bootcamp\collab\letscoder-bootcamp-202010\staff\antonio-izquierdo\notes-api\node_modules\express\lib\router\index.js:335:12)
    at next (C:\Users\valet\bootcamp\collab\letscoder-bootcamp-202010\staff\antonio-izquierdo\notes-api\node_modules\express\lib\router\index.js:275:10)
    at Function.handle (C:\Users\valet\bootcamp\collab\letscoder-bootcamp-202010\staff\antonio-izquierdo\notes-api\node_modules\express\lib\router\index.js:174:3)
    at router (C:\Users\valet\bootcamp\collab\letscoder-bootcamp-202010\staff\antonio-izquierdo\notes-api\node_modules\express\lib\router\index.js:47:12)
    at Layer.handle [as handle_request] (C:\Users\valet\bootcamp\collab\letscoder-bootcamp-202010\staff\antonio-izquierdo\notes-api\node_modules\express\lib\router\layer.js:95:5)
    at trim_prefix (C:\Users\valet\bootcamp\collab\letscoder-bootcamp-202010\staff\antonio-izquierdo\notes-api\node_modules\express\lib\router\index.js:317:13)
    at C:\Users\valet\bootcamp\collab\letscoder-bootcamp-202010\staff\antonio-izquierdo\notes-api\node_modules\express\lib\router\index.js:284:7
    at Function.process_params (C:\Users\valet\bootcamp\collab\letscoder-bootcamp-202010\staff\antonio-izquierdo\notes-api\node_modules\express\lib\router\index.js:335:12)
error 2020-11-27T14:46:31.636Z - TypeError: [object Object] is not a id
    at validateId (C:\Users\valet\bootcamp\collab\letscoder-bootcamp-202010\staff\antonio-izquierdo\notes-api\logic\helpers\validations.js:30:43)
    at Object.<anonymous> (C:\Users\valet\bootcamp\collab\letscoder-bootcamp-202010\staff\antonio-izquierdo\notes-api\logic\retrieve-user.js:9:5)
    at module.exports (C:\Users\valet\bootcamp\collab\letscoder-bootcamp-202010\staff\antonio-izquierdo\notes-api\routes\api\handlers\handle-retrieve-user.js:15:9)
    at C:\Users\valet\bootcamp\collab\letscoder-bootcamp-202010\staff\antonio-izquierdo\notes-api\routes\api\helpers\with-error-handling.js:6:9
    at Layer.handle [as handle_request] (C:\Users\valet\bootcamp\collab\letscoder-bootcamp-202010\staff\antonio-izquierdo\notes-api\node_modules\express\lib\router\layer.js:95:5)
    at next (C:\Users\valet\bootcamp\collab\letscoder-bootcamp-202010\staff\antonio-izquierdo\notes-api\node_modules\express\lib\router\route.js:137:13)
    at Route.dispatch (C:\Users\valet\bootcamp\collab\letscoder-bootcamp-202010\staff\antonio-izquierdo\notes-api\node_modules\express\lib\router\route.js:112:3)
    at Layer.handle [as handle_request] (C:\Users\valet\bootcamp\collab\letscoder-bootcamp-202010\staff\antonio-izquierdo\notes-api\node_modules\express\lib\router\layer.js:95:5)
    at C:\Users\valet\bootcamp\collab\letscoder-bootcamp-202010\staff\antonio-izquierdo\notes-api\node_modules\express\lib\router\index.js:281:22
    at Function.process_params (C:\Users\valet\bootcamp\collab\letscoder-bootcamp-202010\staff\antonio-izquierdo\notes-api\node_modules\express\lib\router\index.js:335:12)
    at next (C:\Users\valet\bootcamp\collab\letscoder-bootcamp-202010\staff\antonio-izquierdo\notes-api\node_modules\express\lib\router\index.js:275:10)
    at Function.handle (C:\Users\valet\bootcamp\collab\letscoder-bootcamp-202010\staff\antonio-izquierdo\notes-api\node_modules\express\lib\router\index.js:174:3)
    at router (C:\Users\valet\bootcamp\collab\letscoder-bootcamp-202010\staff\antonio-izquierdo\notes-api\node_modules\express\lib\router\index.js:47:12)
    at Layer.handle [as handle_request] (C:\Users\valet\bootcamp\collab\letscoder-bootcamp-202010\staff\antonio-izquierdo\notes-api\node_modules\express\lib\router\layer.js:95:5)
    at trim_prefix (C:\Users\valet\bootcamp\collab\letscoder-bootcamp-202010\staff\antonio-izquierdo\notes-api\node_modules\express\lib\router\index.js:317:13)
    at C:\Users\valet\bootcamp\collab\letscoder-bootcamp-202010\staff\antonio-izquierdo\notes-api\node_modules\express\lib\router\index.js:284:7
error 2020-11-27T14:46:39.558Z - TypeError: [object Object] is not a id
    at validateId (C:\Users\valet\bootcamp\collab\letscoder-bootcamp-202010\staff\antonio-izquierdo\notes-api\logic\helpers\validations.js:30:43)
    at Object.<anonymous> (C:\Users\valet\bootcamp\collab\letscoder-bootcamp-202010\staff\antonio-izquierdo\notes-api\logic\retrieve-user.js:9:5)
    at module.exports (C:\Users\valet\bootcamp\collab\letscoder-bootcamp-202010\staff\antonio-izquierdo\notes-api\routes\api\handlers\handle-retrieve-user.js:15:9)
    at C:\Users\valet\bootcamp\collab\letscoder-bootcamp-202010\staff\antonio-izquierdo\notes-api\routes\api\helpers\with-error-handling.js:6:9
    at Layer.handle [as handle_request] (C:\Users\valet\bootcamp\collab\letscoder-bootcamp-202010\staff\antonio-izquierdo\notes-api\node_modules\express\lib\router\layer.js:95:5)
    at next (C:\Users\valet\bootcamp\collab\letscoder-bootcamp-202010\staff\antonio-izquierdo\notes-api\node_modules\express\lib\router\route.js:137:13)
    at Route.dispatch (C:\Users\valet\bootcamp\collab\letscoder-bootcamp-202010\staff\antonio-izquierdo\notes-api\node_modules\express\lib\router\route.js:112:3)
    at Layer.handle [as handle_request] (C:\Users\valet\bootcamp\collab\letscoder-bootcamp-202010\staff\antonio-izquierdo\notes-api\node_modules\express\lib\router\layer.js:95:5)
    at C:\Users\valet\bootcamp\collab\letscoder-bootcamp-202010\staff\antonio-izquierdo\notes-api\node_modules\express\lib\router\index.js:281:22
    at Function.process_params (C:\Users\valet\bootcamp\collab\letscoder-bootcamp-202010\staff\antonio-izquierdo\notes-api\node_modules\express\lib\router\index.js:335:12)
    at next (C:\Users\valet\bootcamp\collab\letscoder-bootcamp-202010\staff\antonio-izquierdo\notes-api\node_modules\express\lib\router\index.js:275:10)
    at Function.handle (C:\Users\valet\bootcamp\collab\letscoder-bootcamp-202010\staff\antonio-izquierdo\notes-api\node_modules\express\lib\router\index.js:174:3)
    at router (C:\Users\valet\bootcamp\collab\letscoder-bootcamp-202010\staff\antonio-izquierdo\notes-api\node_modules\express\lib\router\index.js:47:12)
    at Layer.handle [as handle_request] (C:\Users\valet\bootcamp\collab\letscoder-bootcamp-202010\staff\antonio-izquierdo\notes-api\node_modules\express\lib\router\layer.js:95:5)
    at trim_prefix (C:\Users\valet\bootcamp\collab\letscoder-bootcamp-202010\staff\antonio-izquierdo\notes-api\node_modules\express\lib\router\index.js:317:13)
    at C:\Users\valet\bootcamp\collab\letscoder-bootcamp-202010\staff\antonio-izquierdo\notes-api\node_modules\express\lib\router\index.js:284:7
info 2020-11-27T14:46:46.034Z - stopping server
info 2020-11-27T14:47:12.729Z - starting server
info 2020-11-27T14:47:12.852Z - server running on port 4000
info 2020-11-27T14:56:40.142Z - stopping server
info 2020-11-27T15:16:10.497Z - starting server
info 2020-11-27T15:16:10.618Z - server running on port 4000
error 2020-11-27T15:16:47.617Z - ReferenceError: users is not defined
    at Object.<anonymous> (C:\Users\valet\bootcamp\collab\letscoder-bootcamp-202010\staff\antonio-izquierdo\notes-api\logic\retrieve-user.js:11:5)
    at module.exports (C:\Users\valet\bootcamp\collab\letscoder-bootcamp-202010\staff\antonio-izquierdo\notes-api\routes\api\handlers\handle-retrieve-user.js:15:9)
    at C:\Users\valet\bootcamp\collab\letscoder-bootcamp-202010\staff\antonio-izquierdo\notes-api\routes\api\helpers\with-error-handling.js:6:9
    at Layer.handle [as handle_request] (C:\Users\valet\bootcamp\collab\letscoder-bootcamp-202010\staff\antonio-izquierdo\notes-api\node_modules\express\lib\router\layer.js:95:5)
    at next (C:\Users\valet\bootcamp\collab\letscoder-bootcamp-202010\staff\antonio-izquierdo\notes-api\node_modules\express\lib\router\route.js:137:13)
    at Route.dispatch (C:\Users\valet\bootcamp\collab\letscoder-bootcamp-202010\staff\antonio-izquierdo\notes-api\node_modules\express\lib\router\route.js:112:3)
    at Layer.handle [as handle_request] (C:\Users\valet\bootcamp\collab\letscoder-bootcamp-202010\staff\antonio-izquierdo\notes-api\node_modules\express\lib\router\layer.js:95:5)
    at C:\Users\valet\bootcamp\collab\letscoder-bootcamp-202010\staff\antonio-izquierdo\notes-api\node_modules\express\lib\router\index.js:281:22
    at Function.process_params (C:\Users\valet\bootcamp\collab\letscoder-bootcamp-202010\staff\antonio-izquierdo\notes-api\node_modules\express\lib\router\index.js:335:12)
    at next (C:\Users\valet\bootcamp\collab\letscoder-bootcamp-202010\staff\antonio-izquierdo\notes-api\node_modules\express\lib\router\index.js:275:10)
    at Function.handle (C:\Users\valet\bootcamp\collab\letscoder-bootcamp-202010\staff\antonio-izquierdo\notes-api\node_modules\express\lib\router\index.js:174:3)
    at router (C:\Users\valet\bootcamp\collab\letscoder-bootcamp-202010\staff\antonio-izquierdo\notes-api\node_modules\express\lib\router\index.js:47:12)
    at Layer.handle [as handle_request] (C:\Users\valet\bootcamp\collab\letscoder-bootcamp-202010\staff\antonio-izquierdo\notes-api\node_modules\express\lib\router\layer.js:95:5)
    at trim_prefix (C:\Users\valet\bootcamp\collab\letscoder-bootcamp-202010\staff\antonio-izquierdo\notes-api\node_modules\express\lib\router\index.js:317:13)
    at C:\Users\valet\bootcamp\collab\letscoder-bootcamp-202010\staff\antonio-izquierdo\notes-api\node_modules\express\lib\router\index.js:284:7
    at Function.process_params (C:\Users\valet\bootcamp\collab\letscoder-bootcamp-202010\staff\antonio-izquierdo\notes-api\node_modules\express\lib\router\index.js:335:12)
info 2020-11-27T15:19:37.538Z - stopping server
info 2020-11-27T15:19:48.070Z - starting server
info 2020-11-27T15:19:48.190Z - server running on port 4000
error 2020-11-27T15:20:37.186Z - ReferenceError: users is not defined
    at Object.<anonymous> (C:\Users\valet\bootcamp\collab\letscoder-bootcamp-202010\staff\antonio-izquierdo\notes-api\logic\retrieve-user.js:8:5)
    at module.exports (C:\Users\valet\bootcamp\collab\letscoder-bootcamp-202010\staff\antonio-izquierdo\notes-api\routes\api\handlers\handle-retrieve-user.js:15:9)
    at C:\Users\valet\bootcamp\collab\letscoder-bootcamp-202010\staff\antonio-izquierdo\notes-api\routes\api\helpers\with-error-handling.js:6:9
    at Layer.handle [as handle_request] (C:\Users\valet\bootcamp\collab\letscoder-bootcamp-202010\staff\antonio-izquierdo\notes-api\node_modules\express\lib\router\layer.js:95:5)
    at next (C:\Users\valet\bootcamp\collab\letscoder-bootcamp-202010\staff\antonio-izquierdo\notes-api\node_modules\express\lib\router\route.js:137:13)
    at Route.dispatch (C:\Users\valet\bootcamp\collab\letscoder-bootcamp-202010\staff\antonio-izquierdo\notes-api\node_modules\express\lib\router\route.js:112:3)
    at Layer.handle [as handle_request] (C:\Users\valet\bootcamp\collab\letscoder-bootcamp-202010\staff\antonio-izquierdo\notes-api\node_modules\express\lib\router\layer.js:95:5)
    at C:\Users\valet\bootcamp\collab\letscoder-bootcamp-202010\staff\antonio-izquierdo\notes-api\node_modules\express\lib\router\index.js:281:22
    at Function.process_params (C:\Users\valet\bootcamp\collab\letscoder-bootcamp-202010\staff\antonio-izquierdo\notes-api\node_modules\express\lib\router\index.js:335:12)
    at next (C:\Users\valet\bootcamp\collab\letscoder-bootcamp-202010\staff\antonio-izquierdo\notes-api\node_modules\express\lib\router\index.js:275:10)
    at Function.handle (C:\Users\valet\bootcamp\collab\letscoder-bootcamp-202010\staff\antonio-izquierdo\notes-api\node_modules\express\lib\router\index.js:174:3)
    at router (C:\Users\valet\bootcamp\collab\letscoder-bootcamp-202010\staff\antonio-izquierdo\notes-api\node_modules\express\lib\router\index.js:47:12)
    at Layer.handle [as handle_request] (C:\Users\valet\bootcamp\collab\letscoder-bootcamp-202010\staff\antonio-izquierdo\notes-api\node_modules\express\lib\router\layer.js:95:5)
    at trim_prefix (C:\Users\valet\bootcamp\collab\letscoder-bootcamp-202010\staff\antonio-izquierdo\notes-api\node_modules\express\lib\router\index.js:317:13)
    at C:\Users\valet\bootcamp\collab\letscoder-bootcamp-202010\staff\antonio-izquierdo\notes-api\node_modules\express\lib\router\index.js:284:7
    at Function.process_params (C:\Users\valet\bootcamp\collab\letscoder-bootcamp-202010\staff\antonio-izquierdo\notes-api\node_modules\express\lib\router\index.js:335:12)
info 2020-11-27T15:22:51.126Z - stopping server
info 2020-11-27T15:22:58.683Z - starting server
info 2020-11-27T15:22:58.804Z - server running on port 4000
error 2020-11-27T15:23:12.915Z - ReferenceError: id is not defined
    at Object.<anonymous> (C:\Users\valet\bootcamp\collab\letscoder-bootcamp-202010\staff\antonio-izquierdo\notes-api\logic\retrieve-user.js:11:16)
    at module.exports (C:\Users\valet\bootcamp\collab\letscoder-bootcamp-202010\staff\antonio-izquierdo\notes-api\routes\api\handlers\handle-retrieve-user.js:15:9)
    at C:\Users\valet\bootcamp\collab\letscoder-bootcamp-202010\staff\antonio-izquierdo\notes-api\routes\api\helpers\with-error-handling.js:6:9
    at Layer.handle [as handle_request] (C:\Users\valet\bootcamp\collab\letscoder-bootcamp-202010\staff\antonio-izquierdo\notes-api\node_modules\express\lib\router\layer.js:95:5)
    at next (C:\Users\valet\bootcamp\collab\letscoder-bootcamp-202010\staff\antonio-izquierdo\notes-api\node_modules\express\lib\router\route.js:137:13)
    at Route.dispatch (C:\Users\valet\bootcamp\collab\letscoder-bootcamp-202010\staff\antonio-izquierdo\notes-api\node_modules\express\lib\router\route.js:112:3)
    at Layer.handle [as handle_request] (C:\Users\valet\bootcamp\collab\letscoder-bootcamp-202010\staff\antonio-izquierdo\notes-api\node_modules\express\lib\router\layer.js:95:5)
    at C:\Users\valet\bootcamp\collab\letscoder-bootcamp-202010\staff\antonio-izquierdo\notes-api\node_modules\express\lib\router\index.js:281:22
    at Function.process_params (C:\Users\valet\bootcamp\collab\letscoder-bootcamp-202010\staff\antonio-izquierdo\notes-api\node_modules\express\lib\router\index.js:335:12)
    at next (C:\Users\valet\bootcamp\collab\letscoder-bootcamp-202010\staff\antonio-izquierdo\notes-api\node_modules\express\lib\router\index.js:275:10)
    at Function.handle (C:\Users\valet\bootcamp\collab\letscoder-bootcamp-202010\staff\antonio-izquierdo\notes-api\node_modules\express\lib\router\index.js:174:3)
    at router (C:\Users\valet\bootcamp\collab\letscoder-bootcamp-202010\staff\antonio-izquierdo\notes-api\node_modules\express\lib\router\index.js:47:12)
    at Layer.handle [as handle_request] (C:\Users\valet\bootcamp\collab\letscoder-bootcamp-202010\staff\antonio-izquierdo\notes-api\node_modules\express\lib\router\layer.js:95:5)
    at trim_prefix (C:\Users\valet\bootcamp\collab\letscoder-bootcamp-202010\staff\antonio-izquierdo\notes-api\node_modules\express\lib\router\index.js:317:13)
    at C:\Users\valet\bootcamp\collab\letscoder-bootcamp-202010\staff\antonio-izquierdo\notes-api\node_modules\express\lib\router\index.js:284:7
    at Function.process_params (C:\Users\valet\bootcamp\collab\letscoder-bootcamp-202010\staff\antonio-izquierdo\notes-api\node_modules\express\lib\router\index.js:335:12)
error 2020-11-27T15:23:20.949Z - ReferenceError: id is not defined
    at Object.<anonymous> (C:\Users\valet\bootcamp\collab\letscoder-bootcamp-202010\staff\antonio-izquierdo\notes-api\logic\retrieve-user.js:11:16)
    at module.exports (C:\Users\valet\bootcamp\collab\letscoder-bootcamp-202010\staff\antonio-izquierdo\notes-api\routes\api\handlers\handle-retrieve-user.js:15:9)
    at C:\Users\valet\bootcamp\collab\letscoder-bootcamp-202010\staff\antonio-izquierdo\notes-api\routes\api\helpers\with-error-handling.js:6:9
    at Layer.handle [as handle_request] (C:\Users\valet\bootcamp\collab\letscoder-bootcamp-202010\staff\antonio-izquierdo\notes-api\node_modules\express\lib\router\layer.js:95:5)
    at next (C:\Users\valet\bootcamp\collab\letscoder-bootcamp-202010\staff\antonio-izquierdo\notes-api\node_modules\express\lib\router\route.js:137:13)
    at Route.dispatch (C:\Users\valet\bootcamp\collab\letscoder-bootcamp-202010\staff\antonio-izquierdo\notes-api\node_modules\express\lib\router\route.js:112:3)
    at Layer.handle [as handle_request] (C:\Users\valet\bootcamp\collab\letscoder-bootcamp-202010\staff\antonio-izquierdo\notes-api\node_modules\express\lib\router\layer.js:95:5)
    at C:\Users\valet\bootcamp\collab\letscoder-bootcamp-202010\staff\antonio-izquierdo\notes-api\node_modules\express\lib\router\index.js:281:22
    at Function.process_params (C:\Users\valet\bootcamp\collab\letscoder-bootcamp-202010\staff\antonio-izquierdo\notes-api\node_modules\express\lib\router\index.js:335:12)
    at next (C:\Users\valet\bootcamp\collab\letscoder-bootcamp-202010\staff\antonio-izquierdo\notes-api\node_modules\express\lib\router\index.js:275:10)
    at Function.handle (C:\Users\valet\bootcamp\collab\letscoder-bootcamp-202010\staff\antonio-izquierdo\notes-api\node_modules\express\lib\router\index.js:174:3)
    at router (C:\Users\valet\bootcamp\collab\letscoder-bootcamp-202010\staff\antonio-izquierdo\notes-api\node_modules\express\lib\router\index.js:47:12)
    at Layer.handle [as handle_request] (C:\Users\valet\bootcamp\collab\letscoder-bootcamp-202010\staff\antonio-izquierdo\notes-api\node_modules\express\lib\router\layer.js:95:5)
    at trim_prefix (C:\Users\valet\bootcamp\collab\letscoder-bootcamp-202010\staff\antonio-izquierdo\notes-api\node_modules\express\lib\router\index.js:317:13)
    at C:\Users\valet\bootcamp\collab\letscoder-bootcamp-202010\staff\antonio-izquierdo\notes-api\node_modules\express\lib\router\index.js:284:7
    at Function.process_params (C:\Users\valet\bootcamp\collab\letscoder-bootcamp-202010\staff\antonio-izquierdo\notes-api\node_modules\express\lib\router\index.js:335:12)
info 2020-11-27T15:23:31.077Z - stopping server
info 2020-11-27T15:24:13.794Z - starting server
info 2020-11-27T15:24:13.906Z - server running on port 4000
error 2020-11-27T15:24:27.516Z - ReferenceError: id is not defined
    at Object.<anonymous> (C:\Users\valet\bootcamp\collab\letscoder-bootcamp-202010\staff\antonio-izquierdo\notes-api\logic\retrieve-user.js:11:16)
    at module.exports (C:\Users\valet\bootcamp\collab\letscoder-bootcamp-202010\staff\antonio-izquierdo\notes-api\routes\api\handlers\handle-retrieve-user.js:15:9)
    at C:\Users\valet\bootcamp\collab\letscoder-bootcamp-202010\staff\antonio-izquierdo\notes-api\routes\api\helpers\with-error-handling.js:6:9
    at Layer.handle [as handle_request] (C:\Users\valet\bootcamp\collab\letscoder-bootcamp-202010\staff\antonio-izquierdo\notes-api\node_modules\express\lib\router\layer.js:95:5)
    at next (C:\Users\valet\bootcamp\collab\letscoder-bootcamp-202010\staff\antonio-izquierdo\notes-api\node_modules\express\lib\router\route.js:137:13)
    at Route.dispatch (C:\Users\valet\bootcamp\collab\letscoder-bootcamp-202010\staff\antonio-izquierdo\notes-api\node_modules\express\lib\router\route.js:112:3)
    at Layer.handle [as handle_request] (C:\Users\valet\bootcamp\collab\letscoder-bootcamp-202010\staff\antonio-izquierdo\notes-api\node_modules\express\lib\router\layer.js:95:5)
    at C:\Users\valet\bootcamp\collab\letscoder-bootcamp-202010\staff\antonio-izquierdo\notes-api\node_modules\express\lib\router\index.js:281:22
    at Function.process_params (C:\Users\valet\bootcamp\collab\letscoder-bootcamp-202010\staff\antonio-izquierdo\notes-api\node_modules\express\lib\router\index.js:335:12)
    at next (C:\Users\valet\bootcamp\collab\letscoder-bootcamp-202010\staff\antonio-izquierdo\notes-api\node_modules\express\lib\router\index.js:275:10)
    at Function.handle (C:\Users\valet\bootcamp\collab\letscoder-bootcamp-202010\staff\antonio-izquierdo\notes-api\node_modules\express\lib\router\index.js:174:3)
    at router (C:\Users\valet\bootcamp\collab\letscoder-bootcamp-202010\staff\antonio-izquierdo\notes-api\node_modules\express\lib\router\index.js:47:12)
    at Layer.handle [as handle_request] (C:\Users\valet\bootcamp\collab\letscoder-bootcamp-202010\staff\antonio-izquierdo\notes-api\node_modules\express\lib\router\layer.js:95:5)
    at trim_prefix (C:\Users\valet\bootcamp\collab\letscoder-bootcamp-202010\staff\antonio-izquierdo\notes-api\node_modules\express\lib\router\index.js:317:13)
    at C:\Users\valet\bootcamp\collab\letscoder-bootcamp-202010\staff\antonio-izquierdo\notes-api\node_modules\express\lib\router\index.js:284:7
    at Function.process_params (C:\Users\valet\bootcamp\collab\letscoder-bootcamp-202010\staff\antonio-izquierdo\notes-api\node_modules\express\lib\router\index.js:335:12)
error 2020-11-27T15:24:32.098Z - ReferenceError: id is not defined
    at Object.<anonymous> (C:\Users\valet\bootcamp\collab\letscoder-bootcamp-202010\staff\antonio-izquierdo\notes-api\logic\retrieve-user.js:11:16)
    at module.exports (C:\Users\valet\bootcamp\collab\letscoder-bootcamp-202010\staff\antonio-izquierdo\notes-api\routes\api\handlers\handle-retrieve-user.js:15:9)
    at C:\Users\valet\bootcamp\collab\letscoder-bootcamp-202010\staff\antonio-izquierdo\notes-api\routes\api\helpers\with-error-handling.js:6:9
    at Layer.handle [as handle_request] (C:\Users\valet\bootcamp\collab\letscoder-bootcamp-202010\staff\antonio-izquierdo\notes-api\node_modules\express\lib\router\layer.js:95:5)
    at next (C:\Users\valet\bootcamp\collab\letscoder-bootcamp-202010\staff\antonio-izquierdo\notes-api\node_modules\express\lib\router\route.js:137:13)
    at Route.dispatch (C:\Users\valet\bootcamp\collab\letscoder-bootcamp-202010\staff\antonio-izquierdo\notes-api\node_modules\express\lib\router\route.js:112:3)
    at Layer.handle [as handle_request] (C:\Users\valet\bootcamp\collab\letscoder-bootcamp-202010\staff\antonio-izquierdo\notes-api\node_modules\express\lib\router\layer.js:95:5)
    at C:\Users\valet\bootcamp\collab\letscoder-bootcamp-202010\staff\antonio-izquierdo\notes-api\node_modules\express\lib\router\index.js:281:22
    at Function.process_params (C:\Users\valet\bootcamp\collab\letscoder-bootcamp-202010\staff\antonio-izquierdo\notes-api\node_modules\express\lib\router\index.js:335:12)
    at next (C:\Users\valet\bootcamp\collab\letscoder-bootcamp-202010\staff\antonio-izquierdo\notes-api\node_modules\express\lib\router\index.js:275:10)
    at Function.handle (C:\Users\valet\bootcamp\collab\letscoder-bootcamp-202010\staff\antonio-izquierdo\notes-api\node_modules\express\lib\router\index.js:174:3)
    at router (C:\Users\valet\bootcamp\collab\letscoder-bootcamp-202010\staff\antonio-izquierdo\notes-api\node_modules\express\lib\router\index.js:47:12)
    at Layer.handle [as handle_request] (C:\Users\valet\bootcamp\collab\letscoder-bootcamp-202010\staff\antonio-izquierdo\notes-api\node_modules\express\lib\router\layer.js:95:5)
    at trim_prefix (C:\Users\valet\bootcamp\collab\letscoder-bootcamp-202010\staff\antonio-izquierdo\notes-api\node_modules\express\lib\router\index.js:317:13)
    at C:\Users\valet\bootcamp\collab\letscoder-bootcamp-202010\staff\antonio-izquierdo\notes-api\node_modules\express\lib\router\index.js:284:7
    at Function.process_params (C:\Users\valet\bootcamp\collab\letscoder-bootcamp-202010\staff\antonio-izquierdo\notes-api\node_modules\express\lib\router\index.js:335:12)
info 2020-11-27T16:34:06.611Z - stopping server
